[38;5;112m[Appium][0m Welcome to Appium v3.0.1 (REV 7878c73b8562eb369f9da66d4c55b89ff6397182)
[38;5;112m[Appium][0m Non-default server args:
[38;5;112m[Appium][0m { basePath: [32m'/wd/hub'[39m, loglevel: [32m'info'[39m, port: [33m54460[39m }
[38;5;112m[Appium][0m Attempting to load driver uiautomator2...
[38;5;112m[Appium][0m Appium REST http interface listener started on http://0.0.0.0:54460/wd/hub
[38;5;112m[Appium][0m You can provide the following URLs in your client code to connect to this server:
	http://127.0.0.1:54460/wd/hub (only accessible from the same host)
	http://192.168.1.2:54460/wd/hub
[38;5;112m[Appium][0m Available drivers:
[38;5;112m[Appium][0m   - uiautomator2@5.0.0 (automationName 'UiAutomator2')
[38;5;112m[Appium][0m No plugins have been installed. Use the "appium plugin" command to install the one(s) you want to use.
[38;5;86m[HTTP][0m [37m-->[39m [37mGET[39m [37m/wd/hub/status[39m 
[38;5;86m[HTTP][0m <-- GET /wd/hub/status 200 3 ms - 199 
[38;5;86m[HTTP][0m [37m-->[39m [37mPOST[39m [37m/wd/hub/session[39m {"capabilities":{"firstMatch":[{"appium:app":"/Users/mac-096467/work/robby/AutomationMobile/APP/gvm-staging-waf.apk","appium:autoGrantPermissions":true,"appium:automationName":"uiautomator2","appium:deviceName":"emulator-5554 (sdk_gphone64_arm64 - Android 16)","appium:fullReset":true,"appium:newCommandTimeout":1800,"appium:noReset":false,"appium:platformName":"ANDROID","appium:platformVersion":"16","appium:systemPort":54451,"appium:udid":"emulator-5554","platformName":"ANDROID"}]},"desiredCapabilities":{"appium:app":"/Users/mac-096467/work/robby/AutomationMobile/APP/gvm-staging-waf.apk","appium:autoGrantPermissions":true,"appium:automationName":"uiautomator2","appium:deviceName":"emulator-5554 (sdk_gphone64_arm64 - Android 16)","appium:fullReset":true,"appium:newCommandTimeout":1800,"appium:noReset":false,"appium:platformName":"ANDROID","appium:platformVersion":"16","appium:systemPort":54451,"appium:udid":"emulator-5554"}}
[38;5;123m[BaseDriver][0m The following arguments are not known and will be ignored: desiredCapabilities
[38;5;123m[BaseDriver][0m Ignoring capability 'appium:platformName=ANDROID' and using capability 'platformName=ANDROID'
[38;5;123m[BaseDriver][0m The capabilities ["platformName"] are standard capabilities and do not require "appium:" prefix
[38;5;112m[Appium][0m Attempting to find matching driver for automationName 'uiautomator2' and platformName 'ANDROID'
[38;5;112m[Appium][0m The 'uiautomator2' driver was installed and matched caps.
[38;5;112m[Appium][0m Will require it at /Users/mac-096467/.appium/node_modules/appium-uiautomator2-driver
[38;5;158m[AppiumDriver@ca6b][0m Appium v3.0.1 creating new AndroidUiautomator2Driver (v5.0.0) session
[38;5;158m[AppiumDriver@ca6b][0m Checking BaseDriver versions for Appium and AndroidUiautomator2Driver
[38;5;158m[AppiumDriver@ca6b][0m Appium's BaseDriver version is 10.0.0
[38;5;158m[AppiumDriver@ca6b][0m AndroidUiautomator2Driver's BaseDriver version is 10.0.0
[38;5;34m[b3e105ec][0m[38;5;-175m[AndroidUiautomator2Driver@f7b7][0m Session created with session id: b3e105ec-720b-454d-a786-8afeded4fd12
[38;5;34m[b3e105ec][0m[38;5;229m[ADB][0m Found 1 'build-tools' folders under '/Users/mac-096467/.katalon/tools/android_sdk' (newest first):
[38;5;34m[b3e105ec][0m[38;5;229m[ADB][0m     /Users/mac-096467/.katalon/tools/android_sdk/build-tools/29.0.3
[38;5;34m[b3e105ec][0m[38;5;229m[ADB][0m Using 'adb' from '/Users/mac-096467/.katalon/tools/android_sdk/platform-tools/adb'
[38;5;34m[b3e105ec][0m[38;5;-175m[AndroidUiautomator2Driver@f7b7][0m Retrieving device list
[38;5;34m[b3e105ec][0m[38;5;-175m[AndroidUiautomator2Driver@f7b7][0m Using device: emulator-5554
[38;5;34m[b3e105ec][0m[38;5;229m[ADB][0m Using 'adb' from '/Users/mac-096467/.katalon/tools/android_sdk/platform-tools/adb'
[38;5;34m[b3e105ec][0m[38;5;123m[BaseDriver][0m Using local app '/Users/mac-096467/work/robby/AutomationMobile/APP/gvm-staging-waf.apk'
[38;5;34m[b3e105ec][0m[38;5;229m[ADB][0m Getting device platform version
[38;5;34m[b3e105ec][0m[38;5;-175m[AndroidUiautomator2Driver@f7b7][0m Relaxing hidden api policy
[38;5;34m[b3e105ec][0m[38;5;229m[ADB][0m Using 'aapt2' from '/Users/mac-096467/.katalon/tools/android_sdk/build-tools/29.0.3/aapt2'
[38;5;34m[b3e105ec][0m[38;5;229m[ADB][0m Package name: 'id.valuemax.customer.staging'
[38;5;34m[b3e105ec][0m[38;5;229m[ADB][0m Main activity name: 'id.valuemax.customer.MainActivity'
[38;5;34m[b3e105ec][0m[38;5;-175m[AndroidUiautomator2Driver@f7b7][0m Server packages are not going to be (re)installed
[38;5;34m[b3e105ec][0m[38;5;229m[ADB][0m Adding packages ["io.appium.settings","io.appium.uiautomator2.server","io.appium.uiautomator2.server.test"] to Doze whitelist
[38;5;34m[b3e105ec][0m[38;5;229m[ADB][0m Using 'apksigner.jar' from '/Users/mac-096467/.katalon/tools/android_sdk/build-tools/29.0.3/lib/apksigner.jar'
[38;5;34m[b3e105ec][0m[38;5;229m[ADB][0m '/Users/mac-096467/work/robby/AutomationMobile/APP/gvm-staging-waf.apk' is signed with a non-default certificate
[38;5;34m[b3e105ec][0m[38;5;229m[ADB][0m id.valuemax.customer.staging was not uninstalled, because it was not present on the device
[38;5;34m[b3e105ec][0m[38;5;229m[ADB][0m The application at '/Users/mac-096467/work/robby/AutomationMobile/APP/gvm-staging-waf.apk' will not be cached, because the device under test has confirmed the support of streamed installs
[38;5;34m[b3e105ec][0m[38;5;229m[ADB][0m The installation of 'gvm-staging-waf.apk' took 1323ms
[38;5;34m[b3e105ec][0m[38;5;-175m[AndroidUiautomator2Driver@f7b7][0m Starting UIAutomator2 server 8.0.0
[38;5;34m[b3e105ec][0m[38;5;-175m[AndroidUiautomator2Driver@f7b7][0m Using UIAutomator2 server from '/Users/mac-096467/.appium/node_modules/appium-uiautomator2-driver/node_modules/appium-uiautomator2-server/apks/appium-uiautomator2-server-v8.0.0.apk' and test from '/Users/mac-096467/.appium/node_modules/appium-uiautomator2-driver/node_modules/appium-uiautomator2-server/apks/appium-uiautomator2-server-debug-androidTest.apk'
[38;5;34m[b3e105ec][0m[38;5;-175m[AndroidUiautomator2Driver@f7b7][0m Waiting up to 30000ms for UiAutomator2 to be online...
[38;5;34m[b3e105ec][0m[38;5;-175m[AndroidUiautomator2Driver@f7b7][0m socket hang up
[38;5;34m[b3e105ec][0m[38;5;-175m[AndroidUiautomator2Driver@f7b7][0m socket hang up
[38;5;34m[b3e105ec][0m[38;5;-175m[AndroidUiautomator2Driver@f7b7][0m Determined the downstream protocol as 'W3C'
[38;5;34m[b3e105ec][0m[38;5;-175m[AndroidUiautomator2Driver@f7b7][0m Screen already unlocked, doing nothing
[38;5;34m[b3e105ec][0m[38;5;-175m[AndroidUiautomator2Driver@f7b7][0m Starting 'id.valuemax.customer.staging/id.valuemax.customer.MainActivity' and waiting for 'id.valuemax.customer.staging/id.valuemax.customer.MainActivity'
[38;5;34m[b3e105ec][0m[38;5;158m[AppiumDriver@ca6b][0m New AndroidUiautomator2Driver session created successfully, session b3e105ec-720b-454d-a786-8afeded4fd12 added to master session list
[38;5;34m[b3e105ec][0m[38;5;86m[HTTP][0m <-- POST /wd/hub/session 200 9727 ms - 1314 
[38;5;86m[HTTP][0m [37m-->[39m [37mGET[39m [37m/wd/hub/status[39m 
[38;5;86m[HTTP][0m <-- GET /wd/hub/status 200 1 ms - 199 
[38;5;34m[b3e105ec][0m[38;5;86m[HTTP][0m [37m-->[39m [37mPOST[39m [37m/wd/hub/session/b3e105ec-720b-454d-a786-8afeded4fd12/timeouts[39m {"implicit":30000}
[38;5;34m[b3e105ec][0m[38;5;86m[HTTP][0m <-- POST /wd/hub/session/b3e105ec-720b-454d-a786-8afeded4fd12/timeouts 200 13 ms - 14 
[38;5;34m[b3e105ec][0m[38;5;86m[HTTP][0m [37m-->[39m [37mPOST[39m [37m/wd/hub/session/b3e105ec-720b-454d-a786-8afeded4fd12/execute/sync[39m {"args":[],"script":"mobile: getSystemBars"}
[38;5;34m[b3e105ec][0m[38;5;86m[HTTP][0m <-- POST /wd/hub/session/b3e105ec-720b-454d-a786-8afeded4fd12/execute/sync 200 127 ms - 150 
[38;5;34m[b3e105ec][0m[38;5;86m[HTTP][0m [37m-->[39m [37mPOST[39m [37m/wd/hub/session/b3e105ec-720b-454d-a786-8afeded4fd12/timeouts[39m {"implicit":50}
[38;5;34m[b3e105ec][0m[38;5;86m[HTTP][0m <-- POST /wd/hub/session/b3e105ec-720b-454d-a786-8afeded4fd12/timeouts 200 2 ms - 14 
[38;5;34m[b3e105ec][0m[38;5;86m[HTTP][0m [37m-->[39m [37mGET[39m [37m/wd/hub/session/b3e105ec-720b-454d-a786-8afeded4fd12/window/rect[39m {}
[38;5;34m[b3e105ec][0m[38;5;86m[HTTP][0m <-- GET /wd/hub/session/b3e105ec-720b-454d-a786-8afeded4fd12/window/rect 200 25 ms - 50 
[38;5;34m[b3e105ec][0m[38;5;86m[HTTP][0m [37m-->[39m [37mPOST[39m [37m/wd/hub/session/b3e105ec-720b-454d-a786-8afeded4fd12/elements[39m {"value":"//*[@class = 'android.widget.Button' and @resource-id = '' and (@text = '' or . = '')]","using":"xpath"}
[38;5;34m[b3e105ec][0m[38;5;86m[HTTP][0m <-- POST /wd/hub/session/b3e105ec-720b-454d-a786-8afeded4fd12/elements 200 559 ms - 139 
[38;5;34m[b3e105ec][0m[38;5;86m[HTTP][0m [37m-->[39m [37mGET[39m [37m/wd/hub/session/b3e105ec-720b-454d-a786-8afeded4fd12/element/00000000-0000-013f-0000-000700000003/rect[39m {}
[38;5;34m[b3e105ec][0m[38;5;-175m[AndroidUiautomator2Driver@f7b7][0m Driver proxy active, passing request on via HTTP proxy
[38;5;34m[b3e105ec][0m[38;5;-175m[AndroidUiautomator2Driver@f7b7][0m Replacing sessionId 82774af3-cbe1-4c10-b2af-1ae8eb2e3ab1 with b3e105ec-720b-454d-a786-8afeded4fd12
[38;5;34m[b3e105ec][0m[38;5;86m[HTTP][0m <-- GET /wd/hub/session/b3e105ec-720b-454d-a786-8afeded4fd12/element/00000000-0000-013f-0000-000700000003/rect 200 12 ms - 53 
[38;5;34m[b3e105ec][0m[38;5;86m[HTTP][0m [37m-->[39m [37mPOST[39m [37m/wd/hub/session/b3e105ec-720b-454d-a786-8afeded4fd12/timeouts[39m {"implicit":30000}
[38;5;34m[b3e105ec][0m[38;5;86m[HTTP][0m <-- POST /wd/hub/session/b3e105ec-720b-454d-a786-8afeded4fd12/timeouts 200 2 ms - 14 
[38;5;34m[b3e105ec][0m[38;5;86m[HTTP][0m [37m-->[39m [37mPOST[39m [37m/wd/hub/session/b3e105ec-720b-454d-a786-8afeded4fd12/element/00000000-0000-013f-0000-000700000003/click[39m {"id":"00000000-0000-013f-0000-000700000003"}
[38;5;34m[b3e105ec][0m[38;5;86m[HTTP][0m <-- POST /wd/hub/session/b3e105ec-720b-454d-a786-8afeded4fd12/element/00000000-0000-013f-0000-000700000003/click 200 81 ms - 14 
[38;5;34m[b3e105ec][0m[38;5;86m[HTTP][0m [37m-->[39m [37mPOST[39m [37m/wd/hub/session/b3e105ec-720b-454d-a786-8afeded4fd12/timeouts[39m {"implicit":50}
[38;5;34m[b3e105ec][0m[38;5;86m[HTTP][0m <-- POST /wd/hub/session/b3e105ec-720b-454d-a786-8afeded4fd12/timeouts 200 6 ms - 14 
[38;5;34m[b3e105ec][0m[38;5;86m[HTTP][0m [37m-->[39m [37mGET[39m [37m/wd/hub/session/b3e105ec-720b-454d-a786-8afeded4fd12/window/rect[39m {}
[38;5;34m[b3e105ec][0m[38;5;86m[HTTP][0m <-- GET /wd/hub/session/b3e105ec-720b-454d-a786-8afeded4fd12/window/rect 200 16 ms - 50 
[38;5;34m[b3e105ec][0m[38;5;86m[HTTP][0m [37m-->[39m [37mPOST[39m [37m/wd/hub/session/b3e105ec-720b-454d-a786-8afeded4fd12/elements[39m {"value":"//*[@class = 'android.widget.Button' and @resource-id = '' and (@text = '' or . = '')]","using":"xpath"}
[38;5;34m[b3e105ec][0m[38;5;86m[HTTP][0m <-- POST /wd/hub/session/b3e105ec-720b-454d-a786-8afeded4fd12/elements 200 45 ms - 139 
[38;5;34m[b3e105ec][0m[38;5;86m[HTTP][0m [37m-->[39m [37mGET[39m [37m/wd/hub/session/b3e105ec-720b-454d-a786-8afeded4fd12/element/00000000-0000-013f-0000-000700000003/rect[39m {}
[38;5;34m[b3e105ec][0m[38;5;-175m[AndroidUiautomator2Driver@f7b7][0m Driver proxy active, passing request on via HTTP proxy
[38;5;34m[b3e105ec][0m[38;5;-175m[AndroidUiautomator2Driver@f7b7][0m Replacing sessionId 82774af3-cbe1-4c10-b2af-1ae8eb2e3ab1 with b3e105ec-720b-454d-a786-8afeded4fd12
[38;5;34m[b3e105ec][0m[38;5;86m[HTTP][0m <-- GET /wd/hub/session/b3e105ec-720b-454d-a786-8afeded4fd12/element/00000000-0000-013f-0000-000700000003/rect 200 7 ms - 53 
[38;5;34m[b3e105ec][0m[38;5;86m[HTTP][0m [37m-->[39m [37mPOST[39m [37m/wd/hub/session/b3e105ec-720b-454d-a786-8afeded4fd12/timeouts[39m {"implicit":30000}
[38;5;34m[b3e105ec][0m[38;5;86m[HTTP][0m <-- POST /wd/hub/session/b3e105ec-720b-454d-a786-8afeded4fd12/timeouts 200 1 ms - 14 
[38;5;34m[b3e105ec][0m[38;5;86m[HTTP][0m [37m-->[39m [37mPOST[39m [37m/wd/hub/session/b3e105ec-720b-454d-a786-8afeded4fd12/element/00000000-0000-013f-0000-000700000003/click[39m {"id":"00000000-0000-013f-0000-000700000003"}
[38;5;34m[b3e105ec][0m[38;5;86m[HTTP][0m <-- POST /wd/hub/session/b3e105ec-720b-454d-a786-8afeded4fd12/element/00000000-0000-013f-0000-000700000003/click 200 857 ms - 14 
[38;5;34m[b3e105ec][0m[38;5;86m[HTTP][0m [37m-->[39m [37mPOST[39m [37m/wd/hub/session/b3e105ec-720b-454d-a786-8afeded4fd12/timeouts[39m {"implicit":50}
[38;5;34m[b3e105ec][0m[38;5;86m[HTTP][0m <-- POST /wd/hub/session/b3e105ec-720b-454d-a786-8afeded4fd12/timeouts 200 2 ms - 14 
[38;5;34m[b3e105ec][0m[38;5;86m[HTTP][0m [37m-->[39m [37mGET[39m [37m/wd/hub/session/b3e105ec-720b-454d-a786-8afeded4fd12/window/rect[39m {}
[38;5;34m[b3e105ec][0m[38;5;86m[HTTP][0m <-- GET /wd/hub/session/b3e105ec-720b-454d-a786-8afeded4fd12/window/rect 200 12 ms - 50 
[38;5;34m[b3e105ec][0m[38;5;86m[HTTP][0m [37m-->[39m [37mPOST[39m [37m/wd/hub/session/b3e105ec-720b-454d-a786-8afeded4fd12/elements[39m {"value":"//*[@class = 'android.widget.Button' and @resource-id = '' and (@text = '' or . = '')]","using":"xpath"}
[38;5;34m[b3e105ec][0m[38;5;86m[HTTP][0m <-- POST /wd/hub/session/b3e105ec-720b-454d-a786-8afeded4fd12/elements 200 36 ms - 139 
[38;5;34m[b3e105ec][0m[38;5;86m[HTTP][0m [37m-->[39m [37mGET[39m [37m/wd/hub/session/b3e105ec-720b-454d-a786-8afeded4fd12/element/00000000-0000-013f-0000-000700000003/rect[39m {}
[38;5;34m[b3e105ec][0m[38;5;-175m[AndroidUiautomator2Driver@f7b7][0m Driver proxy active, passing request on via HTTP proxy
[38;5;34m[b3e105ec][0m[38;5;-175m[AndroidUiautomator2Driver@f7b7][0m Replacing sessionId 82774af3-cbe1-4c10-b2af-1ae8eb2e3ab1 with b3e105ec-720b-454d-a786-8afeded4fd12
[38;5;34m[b3e105ec][0m[38;5;86m[HTTP][0m <-- GET /wd/hub/session/b3e105ec-720b-454d-a786-8afeded4fd12/element/00000000-0000-013f-0000-000700000003/rect 200 12 ms - 53 
[38;5;34m[b3e105ec][0m[38;5;86m[HTTP][0m [37m-->[39m [37mPOST[39m [37m/wd/hub/session/b3e105ec-720b-454d-a786-8afeded4fd12/timeouts[39m {"implicit":30000}
[38;5;34m[b3e105ec][0m[38;5;86m[HTTP][0m <-- POST /wd/hub/session/b3e105ec-720b-454d-a786-8afeded4fd12/timeouts 200 1 ms - 14 
[38;5;34m[b3e105ec][0m[38;5;86m[HTTP][0m [37m-->[39m [37mPOST[39m [37m/wd/hub/session/b3e105ec-720b-454d-a786-8afeded4fd12/element/00000000-0000-013f-0000-000700000003/click[39m {"id":"00000000-0000-013f-0000-000700000003"}
[38;5;34m[b3e105ec][0m[38;5;86m[HTTP][0m <-- POST /wd/hub/session/b3e105ec-720b-454d-a786-8afeded4fd12/element/00000000-0000-013f-0000-000700000003/click 200 3031 ms - 14 
[38;5;34m[b3e105ec][0m[38;5;86m[HTTP][0m [37m-->[39m [37mPOST[39m [37m/wd/hub/session/b3e105ec-720b-454d-a786-8afeded4fd12/timeouts[39m {"implicit":50}
[38;5;34m[b3e105ec][0m[38;5;86m[HTTP][0m <-- POST /wd/hub/session/b3e105ec-720b-454d-a786-8afeded4fd12/timeouts 200 3 ms - 14 
[38;5;34m[b3e105ec][0m[38;5;86m[HTTP][0m [37m-->[39m [37mGET[39m [37m/wd/hub/session/b3e105ec-720b-454d-a786-8afeded4fd12/window/rect[39m {}
[38;5;34m[b3e105ec][0m[38;5;86m[HTTP][0m <-- GET /wd/hub/session/b3e105ec-720b-454d-a786-8afeded4fd12/window/rect 200 19 ms - 50 
[38;5;34m[b3e105ec][0m[38;5;86m[HTTP][0m [37m-->[39m [37mPOST[39m [37m/wd/hub/session/b3e105ec-720b-454d-a786-8afeded4fd12/elements[39m {"value":"//*[@class = 'android.widget.ImageView' and @content-desc = 'PROFIL' and @resource-id = '' and (@text = '' or . = '')]","using":"xpath"}
[38;5;34m[b3e105ec][0m[38;5;86m[HTTP][0m <-- POST /wd/hub/session/b3e105ec-720b-454d-a786-8afeded4fd12/elements 200 115 ms - 139 
[38;5;34m[b3e105ec][0m[38;5;86m[HTTP][0m [37m-->[39m [37mGET[39m [37m/wd/hub/session/b3e105ec-720b-454d-a786-8afeded4fd12/element/00000000-0000-013f-0000-002400000003/rect[39m {}
[38;5;34m[b3e105ec][0m[38;5;-175m[AndroidUiautomator2Driver@f7b7][0m Driver proxy active, passing request on via HTTP proxy
[38;5;34m[b3e105ec][0m[38;5;-175m[AndroidUiautomator2Driver@f7b7][0m Replacing sessionId 82774af3-cbe1-4c10-b2af-1ae8eb2e3ab1 with b3e105ec-720b-454d-a786-8afeded4fd12
[38;5;34m[b3e105ec][0m[38;5;86m[HTTP][0m <-- GET /wd/hub/session/b3e105ec-720b-454d-a786-8afeded4fd12/element/00000000-0000-013f-0000-002400000003/rect 200 9 ms - 54 
[38;5;34m[b3e105ec][0m[38;5;86m[HTTP][0m [37m-->[39m [37mPOST[39m [37m/wd/hub/session/b3e105ec-720b-454d-a786-8afeded4fd12/timeouts[39m {"implicit":30000}
[38;5;34m[b3e105ec][0m[38;5;86m[HTTP][0m <-- POST /wd/hub/session/b3e105ec-720b-454d-a786-8afeded4fd12/timeouts 200 1 ms - 14 
[38;5;34m[b3e105ec][0m[38;5;86m[HTTP][0m [37m-->[39m [37mPOST[39m [37m/wd/hub/session/b3e105ec-720b-454d-a786-8afeded4fd12/element/00000000-0000-013f-0000-002400000003/click[39m {"id":"00000000-0000-013f-0000-002400000003"}
[38;5;34m[b3e105ec][0m[38;5;86m[HTTP][0m <-- POST /wd/hub/session/b3e105ec-720b-454d-a786-8afeded4fd12/element/00000000-0000-013f-0000-002400000003/click 200 844 ms - 14 
[38;5;34m[b3e105ec][0m[38;5;86m[HTTP][0m [37m-->[39m [37mPOST[39m [37m/wd/hub/session/b3e105ec-720b-454d-a786-8afeded4fd12/timeouts[39m {"implicit":50}
[38;5;34m[b3e105ec][0m[38;5;86m[HTTP][0m <-- POST /wd/hub/session/b3e105ec-720b-454d-a786-8afeded4fd12/timeouts 200 2 ms - 14 
[38;5;34m[b3e105ec][0m[38;5;86m[HTTP][0m [37m-->[39m [37mGET[39m [37m/wd/hub/session/b3e105ec-720b-454d-a786-8afeded4fd12/window/rect[39m {}
[38;5;34m[b3e105ec][0m[38;5;86m[HTTP][0m <-- GET /wd/hub/session/b3e105ec-720b-454d-a786-8afeded4fd12/window/rect 200 9 ms - 50 
[38;5;34m[b3e105ec][0m[38;5;86m[HTTP][0m [37m-->[39m [37mPOST[39m [37m/wd/hub/session/b3e105ec-720b-454d-a786-8afeded4fd12/elements[39m {"value":"//*[@class = 'android.view.View' and @content-desc = 'Belum punya akun? Daftar disini' and @resource-id = '' and (@text = '' or . = '')]","using":"xpath"}
[38;5;34m[b3e105ec][0m[38;5;86m[HTTP][0m <-- POST /wd/hub/session/b3e105ec-720b-454d-a786-8afeded4fd12/elements 200 35 ms - 139 
[38;5;34m[b3e105ec][0m[38;5;86m[HTTP][0m [37m-->[39m [37mGET[39m [37m/wd/hub/session/b3e105ec-720b-454d-a786-8afeded4fd12/element/00000000-0000-013f-0000-003d00000003/rect[39m {}
[38;5;34m[b3e105ec][0m[38;5;-175m[AndroidUiautomator2Driver@f7b7][0m Driver proxy active, passing request on via HTTP proxy
[38;5;34m[b3e105ec][0m[38;5;-175m[AndroidUiautomator2Driver@f7b7][0m Replacing sessionId 82774af3-cbe1-4c10-b2af-1ae8eb2e3ab1 with b3e105ec-720b-454d-a786-8afeded4fd12
[38;5;34m[b3e105ec][0m[38;5;86m[HTTP][0m <-- GET /wd/hub/session/b3e105ec-720b-454d-a786-8afeded4fd12/element/00000000-0000-013f-0000-003d00000003/rect 200 8 ms - 52 
[38;5;34m[b3e105ec][0m[38;5;86m[HTTP][0m [37m-->[39m [37mPOST[39m [37m/wd/hub/session/b3e105ec-720b-454d-a786-8afeded4fd12/timeouts[39m {"implicit":30000}
[38;5;34m[b3e105ec][0m[38;5;86m[HTTP][0m <-- POST /wd/hub/session/b3e105ec-720b-454d-a786-8afeded4fd12/timeouts 200 0 ms - 14 
[38;5;34m[b3e105ec][0m[38;5;86m[HTTP][0m [37m-->[39m [37mPOST[39m [37m/wd/hub/session/b3e105ec-720b-454d-a786-8afeded4fd12/element/00000000-0000-013f-0000-003d00000003/click[39m {"id":"00000000-0000-013f-0000-003d00000003"}
[38;5;34m[b3e105ec][0m[38;5;86m[HTTP][0m <-- POST /wd/hub/session/b3e105ec-720b-454d-a786-8afeded4fd12/element/00000000-0000-013f-0000-003d00000003/click 200 49 ms - 14 
[38;5;34m[b3e105ec][0m[38;5;86m[HTTP][0m [37m-->[39m [37mPOST[39m [37m/wd/hub/session/b3e105ec-720b-454d-a786-8afeded4fd12/timeouts[39m {"implicit":50}
[38;5;34m[b3e105ec][0m[38;5;86m[HTTP][0m <-- POST /wd/hub/session/b3e105ec-720b-454d-a786-8afeded4fd12/timeouts 200 1 ms - 14 
[38;5;34m[b3e105ec][0m[38;5;86m[HTTP][0m [37m-->[39m [37mGET[39m [37m/wd/hub/session/b3e105ec-720b-454d-a786-8afeded4fd12/window/rect[39m {}
[38;5;34m[b3e105ec][0m[38;5;86m[HTTP][0m <-- GET /wd/hub/session/b3e105ec-720b-454d-a786-8afeded4fd12/window/rect 200 13 ms - 50 
[38;5;34m[b3e105ec][0m[38;5;86m[HTTP][0m [37m-->[39m [37mPOST[39m [37m/wd/hub/session/b3e105ec-720b-454d-a786-8afeded4fd12/elements[39m {"value":"//hierarchy/android.widget.FrameLayout[1]/android.widget.LinearLayout[1]/android.widget.FrameLayout[1]/android.widget.FrameLayout[1]/android.view.View[1]/android.view.View[1]/android.view.View[1]/android.view.View[1]/android.view.View[1]/android.view.View[1]/android.widget.EditText[1][count(. | //*[@class = 'android.widget.EditText' and @resource-id = '' and (@text = '' or . = '')]) = count(//*[@class = 'android.widget.EditText' and @resource-id = '' and (@text = '' or . = '')])]","using":"xpath"}
[38;5;34m[b3e105ec][0m[38;5;86m[HTTP][0m <-- POST /wd/hub/session/b3e105ec-720b-454d-a786-8afeded4fd12/elements 200 831 ms - 139 
[38;5;34m[b3e105ec][0m[38;5;86m[HTTP][0m [37m-->[39m [37mGET[39m [37m/wd/hub/session/b3e105ec-720b-454d-a786-8afeded4fd12/element/00000000-0000-013f-0000-004800000003/rect[39m {}
[38;5;34m[b3e105ec][0m[38;5;-175m[AndroidUiautomator2Driver@f7b7][0m Driver proxy active, passing request on via HTTP proxy
[38;5;34m[b3e105ec][0m[38;5;-175m[AndroidUiautomator2Driver@f7b7][0m Replacing sessionId 82774af3-cbe1-4c10-b2af-1ae8eb2e3ab1 with b3e105ec-720b-454d-a786-8afeded4fd12
[38;5;34m[b3e105ec][0m[38;5;86m[HTTP][0m <-- GET /wd/hub/session/b3e105ec-720b-454d-a786-8afeded4fd12/element/00000000-0000-013f-0000-004800000003/rect 200 8 ms - 52 
[38;5;34m[b3e105ec][0m[38;5;86m[HTTP][0m [37m-->[39m [37mPOST[39m [37m/wd/hub/session/b3e105ec-720b-454d-a786-8afeded4fd12/timeouts[39m {"implicit":30000}
[38;5;34m[b3e105ec][0m[38;5;86m[HTTP][0m <-- POST /wd/hub/session/b3e105ec-720b-454d-a786-8afeded4fd12/timeouts 200 1 ms - 14 
[38;5;34m[b3e105ec][0m[38;5;86m[HTTP][0m [37m-->[39m [37mPOST[39m [37m/wd/hub/session/b3e105ec-720b-454d-a786-8afeded4fd12/element/00000000-0000-013f-0000-004800000003/clear[39m {"id":"00000000-0000-013f-0000-004800000003"}
[38;5;34m[b3e105ec][0m[38;5;86m[HTTP][0m <-- POST /wd/hub/session/b3e105ec-720b-454d-a786-8afeded4fd12/element/00000000-0000-013f-0000-004800000003/clear 200 22 ms - 14 
[38;5;34m[b3e105ec][0m[38;5;86m[HTTP][0m [37m-->[39m [37mPOST[39m [37m/wd/hub/session/b3e105ec-720b-454d-a786-8afeded4fd12/element/00000000-0000-013f-0000-004800000003/click[39m {"id":"00000000-0000-013f-0000-004800000003"}
[38;5;34m[b3e105ec][0m[38;5;86m[HTTP][0m <-- POST /wd/hub/session/b3e105ec-720b-454d-a786-8afeded4fd12/element/00000000-0000-013f-0000-004800000003/click 200 70 ms - 14 
[38;5;34m[b3e105ec][0m[38;5;86m[HTTP][0m [37m-->[39m [37mPOST[39m [37m/wd/hub/session/b3e105ec-720b-454d-a786-8afeded4fd12/element/00000000-0000-013f-0000-004800000003/value[39m {"value":["u","s","e","r","1","7","5","6","0","2","2","0","3","3","9","8","5","4","5","0","@","q","a","m","a","i","l",".","c","o","m"],"text":"user1756022033985450@qamail.com","id":"00000000-0000-013f-0000-004800000003"}
[38;5;34m[b3e105ec][0m[38;5;123m[BaseDriver][0m The following arguments are not known and will be ignored: value
[38;5;34m[b3e105ec][0m[38;5;86m[HTTP][0m <-- POST /wd/hub/session/b3e105ec-720b-454d-a786-8afeded4fd12/element/00000000-0000-013f-0000-004800000003/value 200 1533 ms - 14 
[38;5;34m[b3e105ec][0m[38;5;86m[HTTP][0m [37m-->[39m [37mPOST[39m [37m/wd/hub/session/b3e105ec-720b-454d-a786-8afeded4fd12/timeouts[39m {"implicit":50}
[38;5;34m[b3e105ec][0m[38;5;86m[HTTP][0m <-- POST /wd/hub/session/b3e105ec-720b-454d-a786-8afeded4fd12/timeouts 200 4 ms - 14 
[38;5;34m[b3e105ec][0m[38;5;86m[HTTP][0m [37m-->[39m [37mGET[39m [37m/wd/hub/session/b3e105ec-720b-454d-a786-8afeded4fd12/window/rect[39m {}
[38;5;34m[b3e105ec][0m[38;5;86m[HTTP][0m <-- GET /wd/hub/session/b3e105ec-720b-454d-a786-8afeded4fd12/window/rect 200 31 ms - 50 
[38;5;34m[b3e105ec][0m[38;5;86m[HTTP][0m [37m-->[39m [37mPOST[39m [37m/wd/hub/session/b3e105ec-720b-454d-a786-8afeded4fd12/elements[39m {"value":"//hierarchy/android.widget.FrameLayout[1]/android.widget.LinearLayout[1]/android.widget.FrameLayout[1]/android.widget.FrameLayout[1]/android.view.View[1]/android.view.View[1]/android.view.View[1]/android.view.View[1]/android.view.View[1]/android.view.View[1]/android.widget.EditText[2][count(. | //*[@class = 'android.widget.EditText' and @resource-id = '' and (@text = '' or . = '')]) = count(//*[@class = 'android.widget.EditText' and @resource-id = '' and (@text = '' or . = '')])]","using":"xpath"}
[38;5;34m[b3e105ec][0m[38;5;86m[HTTP][0m <-- POST /wd/hub/session/b3e105ec-720b-454d-a786-8afeded4fd12/elements 200 612 ms - 139 
[38;5;34m[b3e105ec][0m[38;5;86m[HTTP][0m [37m-->[39m [37mGET[39m [37m/wd/hub/session/b3e105ec-720b-454d-a786-8afeded4fd12/element/00000000-0000-013f-0000-004a00000003/rect[39m {}
[38;5;34m[b3e105ec][0m[38;5;-175m[AndroidUiautomator2Driver@f7b7][0m Driver proxy active, passing request on via HTTP proxy
[38;5;34m[b3e105ec][0m[38;5;-175m[AndroidUiautomator2Driver@f7b7][0m Replacing sessionId 82774af3-cbe1-4c10-b2af-1ae8eb2e3ab1 with b3e105ec-720b-454d-a786-8afeded4fd12
[38;5;34m[b3e105ec][0m[38;5;86m[HTTP][0m <-- GET /wd/hub/session/b3e105ec-720b-454d-a786-8afeded4fd12/element/00000000-0000-013f-0000-004a00000003/rect 200 15 ms - 52 
[38;5;34m[b3e105ec][0m[38;5;86m[HTTP][0m [37m-->[39m [37mPOST[39m [37m/wd/hub/session/b3e105ec-720b-454d-a786-8afeded4fd12/timeouts[39m {"implicit":30000}
[38;5;34m[b3e105ec][0m[38;5;86m[HTTP][0m <-- POST /wd/hub/session/b3e105ec-720b-454d-a786-8afeded4fd12/timeouts 200 1 ms - 14 
[38;5;34m[b3e105ec][0m[38;5;86m[HTTP][0m [37m-->[39m [37mPOST[39m [37m/wd/hub/session/b3e105ec-720b-454d-a786-8afeded4fd12/element/00000000-0000-013f-0000-004a00000003/clear[39m {"id":"00000000-0000-013f-0000-004a00000003"}
[38;5;34m[b3e105ec][0m[38;5;86m[HTTP][0m <-- POST /wd/hub/session/b3e105ec-720b-454d-a786-8afeded4fd12/element/00000000-0000-013f-0000-004a00000003/clear 200 9 ms - 14 
[38;5;34m[b3e105ec][0m[38;5;86m[HTTP][0m [37m-->[39m [37mPOST[39m [37m/wd/hub/session/b3e105ec-720b-454d-a786-8afeded4fd12/element/00000000-0000-013f-0000-004a00000003/click[39m {"id":"00000000-0000-013f-0000-004a00000003"}
[38;5;34m[b3e105ec][0m[38;5;86m[HTTP][0m <-- POST /wd/hub/session/b3e105ec-720b-454d-a786-8afeded4fd12/element/00000000-0000-013f-0000-004a00000003/click 200 63 ms - 14 
[38;5;34m[b3e105ec][0m[38;5;86m[HTTP][0m [37m-->[39m [37mPOST[39m [37m/wd/hub/session/b3e105ec-720b-454d-a786-8afeded4fd12/element/00000000-0000-013f-0000-004a00000003/value[39m {"value":["T","o","n","o"],"text":"Tono","id":"00000000-0000-013f-0000-004a00000003"}
[38;5;34m[b3e105ec][0m[38;5;123m[BaseDriver][0m The following arguments are not known and will be ignored: value
[38;5;34m[b3e105ec][0m[38;5;86m[HTTP][0m <-- POST /wd/hub/session/b3e105ec-720b-454d-a786-8afeded4fd12/element/00000000-0000-013f-0000-004a00000003/value 200 644 ms - 14 
[38;5;34m[b3e105ec][0m[38;5;86m[HTTP][0m [37m-->[39m [37mPOST[39m [37m/wd/hub/session/b3e105ec-720b-454d-a786-8afeded4fd12/timeouts[39m {"implicit":50}
[38;5;34m[b3e105ec][0m[38;5;86m[HTTP][0m <-- POST /wd/hub/session/b3e105ec-720b-454d-a786-8afeded4fd12/timeouts 200 4 ms - 14 
[38;5;34m[b3e105ec][0m[38;5;86m[HTTP][0m [37m-->[39m [37mGET[39m [37m/wd/hub/session/b3e105ec-720b-454d-a786-8afeded4fd12/window/rect[39m {}
[38;5;34m[b3e105ec][0m[38;5;86m[HTTP][0m <-- GET /wd/hub/session/b3e105ec-720b-454d-a786-8afeded4fd12/window/rect 200 23 ms - 50 
[38;5;34m[b3e105ec][0m[38;5;86m[HTTP][0m [37m-->[39m [37mPOST[39m [37m/wd/hub/session/b3e105ec-720b-454d-a786-8afeded4fd12/elements[39m {"value":"//hierarchy/android.widget.FrameLayout[1]/android.widget.LinearLayout[1]/android.widget.FrameLayout[1]/android.widget.FrameLayout[1]/android.view.View[1]/android.view.View[1]/android.view.View[1]/android.view.View[1]/android.view.View[1]/android.view.View[1]/android.widget.EditText[3][count(. | //*[@class = 'android.widget.EditText' and @resource-id = '' and (@text = '' or . = '')]) = count(//*[@class = 'android.widget.EditText' and @resource-id = '' and (@text = '' or . = '')])]","using":"xpath"}
[38;5;34m[b3e105ec][0m[38;5;86m[HTTP][0m <-- POST /wd/hub/session/b3e105ec-720b-454d-a786-8afeded4fd12/elements 200 534 ms - 139 
[38;5;34m[b3e105ec][0m[38;5;86m[HTTP][0m [37m-->[39m [37mGET[39m [37m/wd/hub/session/b3e105ec-720b-454d-a786-8afeded4fd12/element/00000000-0000-013f-0000-004c00000003/rect[39m {}
[38;5;34m[b3e105ec][0m[38;5;-175m[AndroidUiautomator2Driver@f7b7][0m Driver proxy active, passing request on via HTTP proxy
[38;5;34m[b3e105ec][0m[38;5;-175m[AndroidUiautomator2Driver@f7b7][0m Replacing sessionId 82774af3-cbe1-4c10-b2af-1ae8eb2e3ab1 with b3e105ec-720b-454d-a786-8afeded4fd12
[38;5;34m[b3e105ec][0m[38;5;86m[HTTP][0m <-- GET /wd/hub/session/b3e105ec-720b-454d-a786-8afeded4fd12/element/00000000-0000-013f-0000-004c00000003/rect 200 11 ms - 53 
[38;5;34m[b3e105ec][0m[38;5;86m[HTTP][0m [37m-->[39m [37mPOST[39m [37m/wd/hub/session/b3e105ec-720b-454d-a786-8afeded4fd12/timeouts[39m {"implicit":30000}
[38;5;34m[b3e105ec][0m[38;5;86m[HTTP][0m <-- POST /wd/hub/session/b3e105ec-720b-454d-a786-8afeded4fd12/timeouts 200 1 ms - 14 
[38;5;34m[b3e105ec][0m[38;5;86m[HTTP][0m [37m-->[39m [37mPOST[39m [37m/wd/hub/session/b3e105ec-720b-454d-a786-8afeded4fd12/element/00000000-0000-013f-0000-004c00000003/clear[39m {"id":"00000000-0000-013f-0000-004c00000003"}
[38;5;34m[b3e105ec][0m[38;5;86m[HTTP][0m <-- POST /wd/hub/session/b3e105ec-720b-454d-a786-8afeded4fd12/element/00000000-0000-013f-0000-004c00000003/clear 200 9 ms - 14 
[38;5;34m[b3e105ec][0m[38;5;86m[HTTP][0m [37m-->[39m [37mPOST[39m [37m/wd/hub/session/b3e105ec-720b-454d-a786-8afeded4fd12/element/00000000-0000-013f-0000-004c00000003/click[39m {"id":"00000000-0000-013f-0000-004c00000003"}
[38;5;34m[b3e105ec][0m[38;5;86m[HTTP][0m <-- POST /wd/hub/session/b3e105ec-720b-454d-a786-8afeded4fd12/element/00000000-0000-013f-0000-004c00000003/click 200 75 ms - 14 
[38;5;34m[b3e105ec][0m[38;5;86m[HTTP][0m [37m-->[39m [37mPOST[39m [37m/wd/hub/session/b3e105ec-720b-454d-a786-8afeded4fd12/element/00000000-0000-013f-0000-004c00000003/value[39m {"value":["8","0","3","3","7","2","3","4","1","1","7","3"],"text":"803372341173","id":"00000000-0000-013f-0000-004c00000003"}
[38;5;34m[b3e105ec][0m[38;5;123m[BaseDriver][0m The following arguments are not known and will be ignored: value
[38;5;34m[b3e105ec][0m[38;5;86m[HTTP][0m <-- POST /wd/hub/session/b3e105ec-720b-454d-a786-8afeded4fd12/element/00000000-0000-013f-0000-004c00000003/value 200 21 ms - 14 
[38;5;34m[b3e105ec][0m[38;5;86m[HTTP][0m [37m-->[39m [37mPOST[39m [37m/wd/hub/session/b3e105ec-720b-454d-a786-8afeded4fd12/timeouts[39m {"implicit":50}
[38;5;34m[b3e105ec][0m[38;5;86m[HTTP][0m <-- POST /wd/hub/session/b3e105ec-720b-454d-a786-8afeded4fd12/timeouts 200 1 ms - 14 
[38;5;34m[b3e105ec][0m[38;5;86m[HTTP][0m [37m-->[39m [37mGET[39m [37m/wd/hub/session/b3e105ec-720b-454d-a786-8afeded4fd12/window/rect[39m {}
[38;5;34m[b3e105ec][0m[38;5;86m[HTTP][0m <-- GET /wd/hub/session/b3e105ec-720b-454d-a786-8afeded4fd12/window/rect 200 7 ms - 50 
[38;5;34m[b3e105ec][0m[38;5;86m[HTTP][0m [37m-->[39m [37mPOST[39m [37m/wd/hub/session/b3e105ec-720b-454d-a786-8afeded4fd12/elements[39m {"value":"//hierarchy/android.widget.FrameLayout[1]/android.widget.LinearLayout[1]/android.widget.FrameLayout[1]/android.widget.FrameLayout[1]/android.view.View[1]/android.view.View[1]/android.view.View[1]/android.view.View[1]/android.view.View[1]/android.view.View[1]/android.view.View[7]/android.widget.EditText[1][count(. | //*[@class = 'android.widget.EditText']) = count(//*[@class = 'android.widget.EditText'])]","using":"xpath"}
[38;5;34m[b3e105ec][0m[38;5;86m[HTTP][0m <-- POST /wd/hub/session/b3e105ec-720b-454d-a786-8afeded4fd12/elements 200 662 ms - 139 
[38;5;34m[b3e105ec][0m[38;5;86m[HTTP][0m [37m-->[39m [37mGET[39m [37m/wd/hub/session/b3e105ec-720b-454d-a786-8afeded4fd12/element/00000000-0000-013f-0000-004f00000003/rect[39m {}
[38;5;34m[b3e105ec][0m[38;5;-175m[AndroidUiautomator2Driver@f7b7][0m Driver proxy active, passing request on via HTTP proxy
[38;5;34m[b3e105ec][0m[38;5;-175m[AndroidUiautomator2Driver@f7b7][0m Replacing sessionId 82774af3-cbe1-4c10-b2af-1ae8eb2e3ab1 with b3e105ec-720b-454d-a786-8afeded4fd12
[38;5;34m[b3e105ec][0m[38;5;86m[HTTP][0m <-- GET /wd/hub/session/b3e105ec-720b-454d-a786-8afeded4fd12/element/00000000-0000-013f-0000-004f00000003/rect 200 13 ms - 52 
[38;5;34m[b3e105ec][0m[38;5;86m[HTTP][0m [37m-->[39m [37mPOST[39m [37m/wd/hub/session/b3e105ec-720b-454d-a786-8afeded4fd12/timeouts[39m {"implicit":30000}
[38;5;34m[b3e105ec][0m[38;5;86m[HTTP][0m <-- POST /wd/hub/session/b3e105ec-720b-454d-a786-8afeded4fd12/timeouts 200 1 ms - 14 
[38;5;34m[b3e105ec][0m[38;5;86m[HTTP][0m [37m-->[39m [37mPOST[39m [37m/wd/hub/session/b3e105ec-720b-454d-a786-8afeded4fd12/element/00000000-0000-013f-0000-004f00000003/clear[39m {"id":"00000000-0000-013f-0000-004f00000003"}
[38;5;34m[b3e105ec][0m[38;5;86m[HTTP][0m <-- POST /wd/hub/session/b3e105ec-720b-454d-a786-8afeded4fd12/element/00000000-0000-013f-0000-004f00000003/clear 200 14 ms - 14 
[38;5;34m[b3e105ec][0m[38;5;86m[HTTP][0m [37m-->[39m [37mPOST[39m [37m/wd/hub/session/b3e105ec-720b-454d-a786-8afeded4fd12/element/00000000-0000-013f-0000-004f00000003/click[39m {"id":"00000000-0000-013f-0000-004f00000003"}
[38;5;34m[b3e105ec][0m[38;5;86m[HTTP][0m <-- POST /wd/hub/session/b3e105ec-720b-454d-a786-8afeded4fd12/element/00000000-0000-013f-0000-004f00000003/click 200 679 ms - 14 
[38;5;34m[b3e105ec][0m[38;5;86m[HTTP][0m [37m-->[39m [37mPOST[39m [37m/wd/hub/session/b3e105ec-720b-454d-a786-8afeded4fd12/element/00000000-0000-013f-0000-004f00000003/value[39m {"value":["I","n","d","o","n","e","s","1","@"],"text":"Indones1@","id":"00000000-0000-013f-0000-004f00000003"}
[38;5;34m[b3e105ec][0m[38;5;123m[BaseDriver][0m The following arguments are not known and will be ignored: value
[38;5;34m[b3e105ec][0m[38;5;86m[HTTP][0m <-- POST /wd/hub/session/b3e105ec-720b-454d-a786-8afeded4fd12/element/00000000-0000-013f-0000-004f00000003/value 200 18 ms - 14 
[38;5;34m[b3e105ec][0m[38;5;86m[HTTP][0m [37m-->[39m [37mPOST[39m [37m/wd/hub/session/b3e105ec-720b-454d-a786-8afeded4fd12/timeouts[39m {"implicit":50}
[38;5;34m[b3e105ec][0m[38;5;86m[HTTP][0m <-- POST /wd/hub/session/b3e105ec-720b-454d-a786-8afeded4fd12/timeouts 200 1 ms - 14 
[38;5;34m[b3e105ec][0m[38;5;86m[HTTP][0m [37m-->[39m [37mGET[39m [37m/wd/hub/session/b3e105ec-720b-454d-a786-8afeded4fd12/window/rect[39m {}
[38;5;34m[b3e105ec][0m[38;5;86m[HTTP][0m <-- GET /wd/hub/session/b3e105ec-720b-454d-a786-8afeded4fd12/window/rect 200 8 ms - 50 
[38;5;34m[b3e105ec][0m[38;5;86m[HTTP][0m [37m-->[39m [37mPOST[39m [37m/wd/hub/session/b3e105ec-720b-454d-a786-8afeded4fd12/elements[39m {"value":"//hierarchy/android.widget.FrameLayout[1]/android.widget.LinearLayout[1]/android.widget.FrameLayout[1]/android.widget.FrameLayout[1]/android.view.View[1]/android.view.View[1]/android.view.View[1]/android.view.View[1]/android.view.View[1]/android.view.View[1]/android.view.View[7]/android.widget.EditText[2][count(. | //*[@class = 'android.widget.EditText']) = count(//*[@class = 'android.widget.EditText'])]","using":"xpath"}
[38;5;34m[b3e105ec][0m[38;5;86m[HTTP][0m <-- POST /wd/hub/session/b3e105ec-720b-454d-a786-8afeded4fd12/elements 200 564 ms - 139 
[38;5;34m[b3e105ec][0m[38;5;86m[HTTP][0m [37m-->[39m [37mGET[39m [37m/wd/hub/session/b3e105ec-720b-454d-a786-8afeded4fd12/element/00000000-0000-013f-0000-005100000003/rect[39m {}
[38;5;34m[b3e105ec][0m[38;5;-175m[AndroidUiautomator2Driver@f7b7][0m Driver proxy active, passing request on via HTTP proxy
[38;5;34m[b3e105ec][0m[38;5;-175m[AndroidUiautomator2Driver@f7b7][0m Replacing sessionId 82774af3-cbe1-4c10-b2af-1ae8eb2e3ab1 with b3e105ec-720b-454d-a786-8afeded4fd12
[38;5;34m[b3e105ec][0m[38;5;86m[HTTP][0m <-- GET /wd/hub/session/b3e105ec-720b-454d-a786-8afeded4fd12/element/00000000-0000-013f-0000-005100000003/rect 200 10 ms - 53 
[38;5;34m[b3e105ec][0m[38;5;86m[HTTP][0m [37m-->[39m [37mPOST[39m [37m/wd/hub/session/b3e105ec-720b-454d-a786-8afeded4fd12/timeouts[39m {"implicit":30000}
[38;5;34m[b3e105ec][0m[38;5;86m[HTTP][0m <-- POST /wd/hub/session/b3e105ec-720b-454d-a786-8afeded4fd12/timeouts 200 1 ms - 14 
[38;5;34m[b3e105ec][0m[38;5;86m[HTTP][0m [37m-->[39m [37mPOST[39m [37m/wd/hub/session/b3e105ec-720b-454d-a786-8afeded4fd12/element/00000000-0000-013f-0000-005100000003/clear[39m {"id":"00000000-0000-013f-0000-005100000003"}
[38;5;34m[b3e105ec][0m[38;5;86m[HTTP][0m <-- POST /wd/hub/session/b3e105ec-720b-454d-a786-8afeded4fd12/element/00000000-0000-013f-0000-005100000003/clear 200 9 ms - 14 
[38;5;34m[b3e105ec][0m[38;5;86m[HTTP][0m [37m-->[39m [37mPOST[39m [37m/wd/hub/session/b3e105ec-720b-454d-a786-8afeded4fd12/element/00000000-0000-013f-0000-005100000003/click[39m {"id":"00000000-0000-013f-0000-005100000003"}
[38;5;34m[b3e105ec][0m[38;5;86m[HTTP][0m <-- POST /wd/hub/session/b3e105ec-720b-454d-a786-8afeded4fd12/element/00000000-0000-013f-0000-005100000003/click 200 54 ms - 14 
[38;5;34m[b3e105ec][0m[38;5;86m[HTTP][0m [37m-->[39m [37mPOST[39m [37m/wd/hub/session/b3e105ec-720b-454d-a786-8afeded4fd12/element/00000000-0000-013f-0000-005100000003/value[39m {"value":["I","n","d","o","n","e","s","1","@"],"text":"Indones1@","id":"00000000-0000-013f-0000-005100000003"}
[38;5;34m[b3e105ec][0m[38;5;123m[BaseDriver][0m The following arguments are not known and will be ignored: value
[38;5;34m[b3e105ec][0m[38;5;86m[HTTP][0m <-- POST /wd/hub/session/b3e105ec-720b-454d-a786-8afeded4fd12/element/00000000-0000-013f-0000-005100000003/value 200 624 ms - 14 
[38;5;34m[b3e105ec][0m[38;5;86m[HTTP][0m [37m-->[39m [37mPOST[39m [37m/wd/hub/session/b3e105ec-720b-454d-a786-8afeded4fd12/timeouts[39m {"implicit":50}
[38;5;34m[b3e105ec][0m[38;5;86m[HTTP][0m <-- POST /wd/hub/session/b3e105ec-720b-454d-a786-8afeded4fd12/timeouts 200 1 ms - 14 
[38;5;34m[b3e105ec][0m[38;5;86m[HTTP][0m [37m-->[39m [37mGET[39m [37m/wd/hub/session/b3e105ec-720b-454d-a786-8afeded4fd12/window/rect[39m {}
[38;5;34m[b3e105ec][0m[38;5;86m[HTTP][0m <-- GET /wd/hub/session/b3e105ec-720b-454d-a786-8afeded4fd12/window/rect 200 14 ms - 50 
[38;5;34m[b3e105ec][0m[38;5;86m[HTTP][0m [37m-->[39m [37mPOST[39m [37m/wd/hub/session/b3e105ec-720b-454d-a786-8afeded4fd12/elements[39m {"value":"//*[@class = 'android.view.View' and @content-desc = 'Daftar' and @resource-id = '' and (@text = '' or . = '')]","using":"xpath"}
[38;5;34m[b3e105ec][0m[38;5;86m[HTTP][0m <-- POST /wd/hub/session/b3e105ec-720b-454d-a786-8afeded4fd12/elements 200 571 ms - 139 
[38;5;34m[b3e105ec][0m[38;5;86m[HTTP][0m [37m-->[39m [37mGET[39m [37m/wd/hub/session/b3e105ec-720b-454d-a786-8afeded4fd12/element/00000000-0000-013f-0000-005600000003/rect[39m {}
[38;5;34m[b3e105ec][0m[38;5;-175m[AndroidUiautomator2Driver@f7b7][0m Driver proxy active, passing request on via HTTP proxy
[38;5;34m[b3e105ec][0m[38;5;-175m[AndroidUiautomator2Driver@f7b7][0m Replacing sessionId 82774af3-cbe1-4c10-b2af-1ae8eb2e3ab1 with b3e105ec-720b-454d-a786-8afeded4fd12
[38;5;34m[b3e105ec][0m[38;5;86m[HTTP][0m <-- GET /wd/hub/session/b3e105ec-720b-454d-a786-8afeded4fd12/element/00000000-0000-013f-0000-005600000003/rect 200 9 ms - 53 
[38;5;34m[b3e105ec][0m[38;5;86m[HTTP][0m [37m-->[39m [37mPOST[39m [37m/wd/hub/session/b3e105ec-720b-454d-a786-8afeded4fd12/timeouts[39m {"implicit":30000}
[38;5;34m[b3e105ec][0m[38;5;86m[HTTP][0m <-- POST /wd/hub/session/b3e105ec-720b-454d-a786-8afeded4fd12/timeouts 200 1 ms - 14 
[38;5;34m[b3e105ec][0m[38;5;86m[HTTP][0m [37m-->[39m [37mPOST[39m [37m/wd/hub/session/b3e105ec-720b-454d-a786-8afeded4fd12/element/00000000-0000-013f-0000-005600000003/click[39m {"id":"00000000-0000-013f-0000-005600000003"}
[38;5;34m[b3e105ec][0m[38;5;86m[HTTP][0m <-- POST /wd/hub/session/b3e105ec-720b-454d-a786-8afeded4fd12/element/00000000-0000-013f-0000-005600000003/click 200 845 ms - 14 
[38;5;86m[HTTP][0m [37m-->[39m [37mGET[39m [37m/wd/hub/status[39m 
[38;5;86m[HTTP][0m <-- GET /wd/hub/status 200 2 ms - 199 
[38;5;86m[HTTP][0m [37m-->[39m [37mPOST[39m [37m/wd/hub/session[39m {"capabilities":{"firstMatch":[{"appium:app":"/Users/mac-096467/work/robby/AutomationMobile/APP/gvm-staging-waf.apk","appium:autoGrantPermissions":true,"appium:automationName":"uiautomator2","appium:deviceName":"emulator-5554 (sdk_gphone64_arm64 - Android 16)","appium:fullReset":true,"appium:newCommandTimeout":1800,"appium:noReset":false,"appium:platformName":"ANDROID","appium:platformVersion":"16","appium:systemPort":54977,"appium:udid":"emulator-5554","platformName":"ANDROID"}]},"desiredCapabilities":{"appium:app":"/Users/mac-096467/work/robby/AutomationMobile/APP/gvm-staging-waf.apk","appium:autoGrantPermissions":true,"appium:automationName":"uiautomator2","appium:deviceName":"emulator-5554 (sdk_gphone64_arm64 - Android 16)","appium:fullReset":true,"appium:newCommandTimeout":1800,"appium:noReset":false,"appium:platformName":"ANDROID","appium:platformVersion":"16","appium:systemPort":54977,"appium:udid":"emulator-5554"}}
[38;5;123m[BaseDriver][0m The following arguments are not known and will be ignored: desiredCapabilities
[38;5;123m[BaseDriver][0m Ignoring capability 'appium:platformName=ANDROID' and using capability 'platformName=ANDROID'
[38;5;123m[BaseDriver][0m The capabilities ["platformName"] are standard capabilities and do not require "appium:" prefix
[38;5;112m[Appium][0m Attempting to find matching driver for automationName 'uiautomator2' and platformName 'ANDROID'
[38;5;112m[Appium][0m The 'uiautomator2' driver was installed and matched caps.
[38;5;112m[Appium][0m Will require it at /Users/mac-096467/.appium/node_modules/appium-uiautomator2-driver
[38;5;158m[AppiumDriver@ca6b][0m Appium v3.0.1 creating new AndroidUiautomator2Driver (v5.0.0) session
[38;5;158m[AppiumDriver@ca6b][0m Checking BaseDriver versions for Appium and AndroidUiautomator2Driver
[38;5;158m[AppiumDriver@ca6b][0m Appium's BaseDriver version is 10.0.0
[38;5;158m[AppiumDriver@ca6b][0m AndroidUiautomator2Driver's BaseDriver version is 10.0.0
[38;5;67m[75255a20][0m[38;5;-46m[AndroidUiautomator2Driver@cc43][0m Session created with session id: 75255a20-d71f-491f-8452-8232d01da1f6
[38;5;67m[75255a20][0m[38;5;229m[ADB][0m Using 'adb' from '/Users/mac-096467/.katalon/tools/android_sdk/platform-tools/adb'
[38;5;67m[75255a20][0m[38;5;-46m[AndroidUiautomator2Driver@cc43][0m Retrieving device list
[38;5;67m[75255a20][0m[38;5;-46m[AndroidUiautomator2Driver@cc43][0m Using device: emulator-5554
[38;5;67m[75255a20][0m[38;5;229m[ADB][0m Using 'adb' from '/Users/mac-096467/.katalon/tools/android_sdk/platform-tools/adb'
[38;5;67m[75255a20][0m[38;5;123m[BaseDriver][0m Using local app '/Users/mac-096467/work/robby/AutomationMobile/APP/gvm-staging-waf.apk'
[38;5;67m[75255a20][0m[38;5;229m[ADB][0m Getting device platform version
[38;5;67m[75255a20][0m[38;5;-46m[AndroidUiautomator2Driver@cc43][0m Relaxing hidden api policy
[38;5;67m[75255a20][0m[38;5;229m[ADB][0m Using 'aapt2' from '/Users/mac-096467/.katalon/tools/android_sdk/build-tools/29.0.3/aapt2'
[38;5;67m[75255a20][0m[38;5;229m[ADB][0m Package name: 'id.valuemax.customer.staging'
[38;5;67m[75255a20][0m[38;5;229m[ADB][0m Main activity name: 'id.valuemax.customer.MainActivity'
[38;5;67m[75255a20][0m[38;5;-46m[AndroidUiautomator2Driver@cc43][0m Server packages are not going to be (re)installed
[38;5;67m[75255a20][0m[38;5;229m[ADB][0m Adding packages ["io.appium.settings","io.appium.uiautomator2.server","io.appium.uiautomator2.server.test"] to Doze whitelist
[38;5;67m[75255a20][0m[38;5;229m[ADB][0m id.valuemax.customer.staging was successfully uninstalled
[38;5;67m[75255a20][0m[38;5;229m[ADB][0m The application at '/Users/mac-096467/work/robby/AutomationMobile/APP/gvm-staging-waf.apk' will not be cached, because the device under test has confirmed the support of streamed installs
[38;5;67m[75255a20][0m[38;5;229m[ADB][0m The installation of 'gvm-staging-waf.apk' took 1844ms
[38;5;67m[75255a20][0m[38;5;-46m[AndroidUiautomator2Driver@cc43][0m Starting UIAutomator2 server 8.0.0
[38;5;67m[75255a20][0m[38;5;-46m[AndroidUiautomator2Driver@cc43][0m Using UIAutomator2 server from '/Users/mac-096467/.appium/node_modules/appium-uiautomator2-driver/node_modules/appium-uiautomator2-server/apks/appium-uiautomator2-server-v8.0.0.apk' and test from '/Users/mac-096467/.appium/node_modules/appium-uiautomator2-driver/node_modules/appium-uiautomator2-server/apks/appium-uiautomator2-server-debug-androidTest.apk'
[38;5;67m[75255a20][0m[38;5;-46m[AndroidUiautomator2Driver@cc43][0m Waiting up to 30000ms for UiAutomator2 to be online...
[38;5;67m[75255a20][0m[38;5;-46m[AndroidUiautomator2Driver@cc43][0m socket hang up
[38;5;67m[75255a20][0m[38;5;-46m[AndroidUiautomator2Driver@cc43][0m socket hang up
[38;5;67m[75255a20][0m[38;5;-46m[AndroidUiautomator2Driver@cc43][0m Determined the downstream protocol as 'W3C'
[38;5;67m[75255a20][0m[38;5;-46m[AndroidUiautomator2Driver@cc43][0m Screen already unlocked, doing nothing
[38;5;67m[75255a20][0m[38;5;-46m[AndroidUiautomator2Driver@cc43][0m Starting 'id.valuemax.customer.staging/id.valuemax.customer.MainActivity' and waiting for 'id.valuemax.customer.staging/id.valuemax.customer.MainActivity'
[38;5;67m[75255a20][0m[38;5;158m[AppiumDriver@ca6b][0m New AndroidUiautomator2Driver session created successfully, session 75255a20-d71f-491f-8452-8232d01da1f6 added to master session list
[38;5;67m[75255a20][0m[38;5;86m[HTTP][0m <-- POST /wd/hub/session 200 12703 ms - 1314 
[38;5;86m[HTTP][0m [37m-->[39m [37mGET[39m [37m/wd/hub/status[39m 
[38;5;86m[HTTP][0m <-- GET /wd/hub/status 200 3 ms - 199 
[38;5;67m[75255a20][0m[38;5;86m[HTTP][0m [37m-->[39m [37mPOST[39m [37m/wd/hub/session/75255a20-d71f-491f-8452-8232d01da1f6/timeouts[39m {"implicit":30000}
[38;5;67m[75255a20][0m[38;5;86m[HTTP][0m <-- POST /wd/hub/session/75255a20-d71f-491f-8452-8232d01da1f6/timeouts 200 4 ms - 14 
[38;5;67m[75255a20][0m[38;5;86m[HTTP][0m [37m-->[39m [37mPOST[39m [37m/wd/hub/session/75255a20-d71f-491f-8452-8232d01da1f6/execute/sync[39m {"args":[],"script":"mobile: getSystemBars"}
[38;5;67m[75255a20][0m[38;5;86m[HTTP][0m <-- POST /wd/hub/session/75255a20-d71f-491f-8452-8232d01da1f6/execute/sync 200 219 ms - 150 
[38;5;67m[75255a20][0m[38;5;86m[HTTP][0m [37m-->[39m [37mPOST[39m [37m/wd/hub/session/75255a20-d71f-491f-8452-8232d01da1f6/timeouts[39m {"implicit":50}
[38;5;67m[75255a20][0m[38;5;86m[HTTP][0m <-- POST /wd/hub/session/75255a20-d71f-491f-8452-8232d01da1f6/timeouts 200 7 ms - 14 
[38;5;67m[75255a20][0m[38;5;86m[HTTP][0m [37m-->[39m [37mGET[39m [37m/wd/hub/session/75255a20-d71f-491f-8452-8232d01da1f6/window/rect[39m {}
[38;5;67m[75255a20][0m[38;5;86m[HTTP][0m <-- GET /wd/hub/session/75255a20-d71f-491f-8452-8232d01da1f6/window/rect 200 24 ms - 50 
[38;5;67m[75255a20][0m[38;5;86m[HTTP][0m [37m-->[39m [37mPOST[39m [37m/wd/hub/session/75255a20-d71f-491f-8452-8232d01da1f6/elements[39m {"value":"//*[@class = 'android.widget.Button' and @resource-id = '' and (@text = '' or . = '')]","using":"xpath"}
[38;5;67m[75255a20][0m[38;5;86m[HTTP][0m <-- POST /wd/hub/session/75255a20-d71f-491f-8452-8232d01da1f6/elements 200 1036 ms - 139 
[38;5;67m[75255a20][0m[38;5;86m[HTTP][0m [37m-->[39m [37mGET[39m [37m/wd/hub/session/75255a20-d71f-491f-8452-8232d01da1f6/element/00000000-0000-014a-0000-000700000003/rect[39m {}
[38;5;67m[75255a20][0m[38;5;-46m[AndroidUiautomator2Driver@cc43][0m Driver proxy active, passing request on via HTTP proxy
[38;5;67m[75255a20][0m[38;5;-46m[AndroidUiautomator2Driver@cc43][0m Replacing sessionId 3a8058d4-01e2-4e94-b99f-2b27d5971f56 with 75255a20-d71f-491f-8452-8232d01da1f6
[38;5;67m[75255a20][0m[38;5;86m[HTTP][0m <-- GET /wd/hub/session/75255a20-d71f-491f-8452-8232d01da1f6/element/00000000-0000-014a-0000-000700000003/rect 200 21 ms - 53 
[38;5;67m[75255a20][0m[38;5;86m[HTTP][0m [37m-->[39m [37mPOST[39m [37m/wd/hub/session/75255a20-d71f-491f-8452-8232d01da1f6/timeouts[39m {"implicit":30000}
[38;5;67m[75255a20][0m[38;5;86m[HTTP][0m <-- POST /wd/hub/session/75255a20-d71f-491f-8452-8232d01da1f6/timeouts 200 1 ms - 14 
[38;5;67m[75255a20][0m[38;5;86m[HTTP][0m [37m-->[39m [37mPOST[39m [37m/wd/hub/session/75255a20-d71f-491f-8452-8232d01da1f6/element/00000000-0000-014a-0000-000700000003/click[39m {"id":"00000000-0000-014a-0000-000700000003"}
[38;5;67m[75255a20][0m[38;5;86m[HTTP][0m <-- POST /wd/hub/session/75255a20-d71f-491f-8452-8232d01da1f6/element/00000000-0000-014a-0000-000700000003/click 200 70 ms - 14 
[38;5;67m[75255a20][0m[38;5;86m[HTTP][0m [37m-->[39m [37mPOST[39m [37m/wd/hub/session/75255a20-d71f-491f-8452-8232d01da1f6/timeouts[39m {"implicit":50}
[38;5;67m[75255a20][0m[38;5;86m[HTTP][0m <-- POST /wd/hub/session/75255a20-d71f-491f-8452-8232d01da1f6/timeouts 200 2 ms - 14 
[38;5;67m[75255a20][0m[38;5;86m[HTTP][0m [37m-->[39m [37mGET[39m [37m/wd/hub/session/75255a20-d71f-491f-8452-8232d01da1f6/window/rect[39m {}
[38;5;67m[75255a20][0m[38;5;86m[HTTP][0m <-- GET /wd/hub/session/75255a20-d71f-491f-8452-8232d01da1f6/window/rect 200 17 ms - 50 
[38;5;67m[75255a20][0m[38;5;86m[HTTP][0m [37m-->[39m [37mPOST[39m [37m/wd/hub/session/75255a20-d71f-491f-8452-8232d01da1f6/elements[39m {"value":"//*[@class = 'android.widget.Button' and @resource-id = '' and (@text = '' or . = '')]","using":"xpath"}
[38;5;67m[75255a20][0m[38;5;86m[HTTP][0m <-- POST /wd/hub/session/75255a20-d71f-491f-8452-8232d01da1f6/elements 200 73 ms - 139 
[38;5;67m[75255a20][0m[38;5;86m[HTTP][0m [37m-->[39m [37mGET[39m [37m/wd/hub/session/75255a20-d71f-491f-8452-8232d01da1f6/element/00000000-0000-014a-0000-000700000003/rect[39m {}
[38;5;67m[75255a20][0m[38;5;-46m[AndroidUiautomator2Driver@cc43][0m Driver proxy active, passing request on via HTTP proxy
[38;5;67m[75255a20][0m[38;5;-46m[AndroidUiautomator2Driver@cc43][0m Replacing sessionId 3a8058d4-01e2-4e94-b99f-2b27d5971f56 with 75255a20-d71f-491f-8452-8232d01da1f6
[38;5;67m[75255a20][0m[38;5;86m[HTTP][0m <-- GET /wd/hub/session/75255a20-d71f-491f-8452-8232d01da1f6/element/00000000-0000-014a-0000-000700000003/rect 200 14 ms - 53 
[38;5;67m[75255a20][0m[38;5;86m[HTTP][0m [37m-->[39m [37mPOST[39m [37m/wd/hub/session/75255a20-d71f-491f-8452-8232d01da1f6/timeouts[39m {"implicit":30000}
[38;5;67m[75255a20][0m[38;5;86m[HTTP][0m <-- POST /wd/hub/session/75255a20-d71f-491f-8452-8232d01da1f6/timeouts 200 1 ms - 14 
[38;5;67m[75255a20][0m[38;5;86m[HTTP][0m [37m-->[39m [37mPOST[39m [37m/wd/hub/session/75255a20-d71f-491f-8452-8232d01da1f6/element/00000000-0000-014a-0000-000700000003/click[39m {"id":"00000000-0000-014a-0000-000700000003"}
[38;5;67m[75255a20][0m[38;5;86m[HTTP][0m <-- POST /wd/hub/session/75255a20-d71f-491f-8452-8232d01da1f6/element/00000000-0000-014a-0000-000700000003/click 200 900 ms - 14 
[38;5;67m[75255a20][0m[38;5;86m[HTTP][0m [37m-->[39m [37mPOST[39m [37m/wd/hub/session/75255a20-d71f-491f-8452-8232d01da1f6/timeouts[39m {"implicit":50}
[38;5;67m[75255a20][0m[38;5;86m[HTTP][0m <-- POST /wd/hub/session/75255a20-d71f-491f-8452-8232d01da1f6/timeouts 200 1 ms - 14 
[38;5;67m[75255a20][0m[38;5;86m[HTTP][0m [37m-->[39m [37mGET[39m [37m/wd/hub/session/75255a20-d71f-491f-8452-8232d01da1f6/window/rect[39m {}
[38;5;67m[75255a20][0m[38;5;86m[HTTP][0m <-- GET /wd/hub/session/75255a20-d71f-491f-8452-8232d01da1f6/window/rect 200 11 ms - 50 
[38;5;67m[75255a20][0m[38;5;86m[HTTP][0m [37m-->[39m [37mPOST[39m [37m/wd/hub/session/75255a20-d71f-491f-8452-8232d01da1f6/elements[39m {"value":"//*[@class = 'android.widget.Button' and @resource-id = '' and (@text = '' or . = '')]","using":"xpath"}
[38;5;67m[75255a20][0m[38;5;86m[HTTP][0m <-- POST /wd/hub/session/75255a20-d71f-491f-8452-8232d01da1f6/elements 200 55 ms - 139 
[38;5;67m[75255a20][0m[38;5;86m[HTTP][0m [37m-->[39m [37mGET[39m [37m/wd/hub/session/75255a20-d71f-491f-8452-8232d01da1f6/element/00000000-0000-014a-0000-000700000003/rect[39m {}
[38;5;67m[75255a20][0m[38;5;-46m[AndroidUiautomator2Driver@cc43][0m Driver proxy active, passing request on via HTTP proxy
[38;5;67m[75255a20][0m[38;5;-46m[AndroidUiautomator2Driver@cc43][0m Replacing sessionId 3a8058d4-01e2-4e94-b99f-2b27d5971f56 with 75255a20-d71f-491f-8452-8232d01da1f6
[38;5;67m[75255a20][0m[38;5;86m[HTTP][0m <-- GET /wd/hub/session/75255a20-d71f-491f-8452-8232d01da1f6/element/00000000-0000-014a-0000-000700000003/rect 200 7 ms - 53 
[38;5;67m[75255a20][0m[38;5;86m[HTTP][0m [37m-->[39m [37mPOST[39m [37m/wd/hub/session/75255a20-d71f-491f-8452-8232d01da1f6/timeouts[39m {"implicit":30000}
[38;5;67m[75255a20][0m[38;5;86m[HTTP][0m <-- POST /wd/hub/session/75255a20-d71f-491f-8452-8232d01da1f6/timeouts 200 1 ms - 14 
[38;5;67m[75255a20][0m[38;5;86m[HTTP][0m [37m-->[39m [37mPOST[39m [37m/wd/hub/session/75255a20-d71f-491f-8452-8232d01da1f6/element/00000000-0000-014a-0000-000700000003/click[39m {"id":"00000000-0000-014a-0000-000700000003"}
[38;5;67m[75255a20][0m[38;5;86m[HTTP][0m <-- POST /wd/hub/session/75255a20-d71f-491f-8452-8232d01da1f6/element/00000000-0000-014a-0000-000700000003/click 200 3038 ms - 14 
[38;5;67m[75255a20][0m[38;5;86m[HTTP][0m [37m-->[39m [37mPOST[39m [37m/wd/hub/session/75255a20-d71f-491f-8452-8232d01da1f6/timeouts[39m {"implicit":50}
[38;5;67m[75255a20][0m[38;5;86m[HTTP][0m <-- POST /wd/hub/session/75255a20-d71f-491f-8452-8232d01da1f6/timeouts 200 1 ms - 14 
[38;5;67m[75255a20][0m[38;5;86m[HTTP][0m [37m-->[39m [37mGET[39m [37m/wd/hub/session/75255a20-d71f-491f-8452-8232d01da1f6/window/rect[39m {}
[38;5;67m[75255a20][0m[38;5;86m[HTTP][0m <-- GET /wd/hub/session/75255a20-d71f-491f-8452-8232d01da1f6/window/rect 200 29 ms - 50 
[38;5;67m[75255a20][0m[38;5;86m[HTTP][0m [37m-->[39m [37mPOST[39m [37m/wd/hub/session/75255a20-d71f-491f-8452-8232d01da1f6/elements[39m {"value":"//*[@class = 'android.widget.ImageView' and @content-desc = 'PROFIL' and @resource-id = '' and (@text = '' or . = '')]","using":"xpath"}
[38;5;67m[75255a20][0m[38;5;86m[HTTP][0m <-- POST /wd/hub/session/75255a20-d71f-491f-8452-8232d01da1f6/elements 200 111 ms - 139 
[38;5;67m[75255a20][0m[38;5;86m[HTTP][0m [37m-->[39m [37mGET[39m [37m/wd/hub/session/75255a20-d71f-491f-8452-8232d01da1f6/element/00000000-0000-014a-0000-002400000003/rect[39m {}
[38;5;67m[75255a20][0m[38;5;-46m[AndroidUiautomator2Driver@cc43][0m Driver proxy active, passing request on via HTTP proxy
[38;5;67m[75255a20][0m[38;5;-46m[AndroidUiautomator2Driver@cc43][0m Replacing sessionId 3a8058d4-01e2-4e94-b99f-2b27d5971f56 with 75255a20-d71f-491f-8452-8232d01da1f6
[38;5;67m[75255a20][0m[38;5;86m[HTTP][0m <-- GET /wd/hub/session/75255a20-d71f-491f-8452-8232d01da1f6/element/00000000-0000-014a-0000-002400000003/rect 200 13 ms - 54 
[38;5;67m[75255a20][0m[38;5;86m[HTTP][0m [37m-->[39m [37mPOST[39m [37m/wd/hub/session/75255a20-d71f-491f-8452-8232d01da1f6/timeouts[39m {"implicit":30000}
[38;5;67m[75255a20][0m[38;5;86m[HTTP][0m <-- POST /wd/hub/session/75255a20-d71f-491f-8452-8232d01da1f6/timeouts 200 0 ms - 14 
[38;5;67m[75255a20][0m[38;5;86m[HTTP][0m [37m-->[39m [37mPOST[39m [37m/wd/hub/session/75255a20-d71f-491f-8452-8232d01da1f6/element/00000000-0000-014a-0000-002400000003/click[39m {"id":"00000000-0000-014a-0000-002400000003"}
[38;5;67m[75255a20][0m[38;5;86m[HTTP][0m <-- POST /wd/hub/session/75255a20-d71f-491f-8452-8232d01da1f6/element/00000000-0000-014a-0000-002400000003/click 200 871 ms - 14 
[38;5;67m[75255a20][0m[38;5;86m[HTTP][0m [37m-->[39m [37mPOST[39m [37m/wd/hub/session/75255a20-d71f-491f-8452-8232d01da1f6/timeouts[39m {"implicit":50}
[38;5;67m[75255a20][0m[38;5;86m[HTTP][0m <-- POST /wd/hub/session/75255a20-d71f-491f-8452-8232d01da1f6/timeouts 200 2 ms - 14 
[38;5;67m[75255a20][0m[38;5;86m[HTTP][0m [37m-->[39m [37mGET[39m [37m/wd/hub/session/75255a20-d71f-491f-8452-8232d01da1f6/window/rect[39m {}
[38;5;67m[75255a20][0m[38;5;86m[HTTP][0m <-- GET /wd/hub/session/75255a20-d71f-491f-8452-8232d01da1f6/window/rect 200 8 ms - 50 
[38;5;67m[75255a20][0m[38;5;86m[HTTP][0m [37m-->[39m [37mPOST[39m [37m/wd/hub/session/75255a20-d71f-491f-8452-8232d01da1f6/elements[39m {"value":"//hierarchy/android.widget.FrameLayout[1]/android.widget.LinearLayout[1]/android.widget.FrameLayout[1]/android.widget.FrameLayout[1]/android.view.View[1]/android.view.View[1]/android.view.View[1]/android.view.View[1]/android.view.View[2]/android.view.View[1]/android.widget.EditText[1][count(. | //*[@class = 'android.widget.EditText']) = count(//*[@class = 'android.widget.EditText'])]","using":"xpath"}
[38;5;67m[75255a20][0m[38;5;86m[HTTP][0m <-- POST /wd/hub/session/75255a20-d71f-491f-8452-8232d01da1f6/elements 200 45 ms - 139 
[38;5;67m[75255a20][0m[38;5;86m[HTTP][0m [37m-->[39m [37mGET[39m [37m/wd/hub/session/75255a20-d71f-491f-8452-8232d01da1f6/element/00000000-0000-014a-0000-003400000003/rect[39m {}
[38;5;67m[75255a20][0m[38;5;-46m[AndroidUiautomator2Driver@cc43][0m Driver proxy active, passing request on via HTTP proxy
[38;5;67m[75255a20][0m[38;5;-46m[AndroidUiautomator2Driver@cc43][0m Replacing sessionId 3a8058d4-01e2-4e94-b99f-2b27d5971f56 with 75255a20-d71f-491f-8452-8232d01da1f6
[38;5;67m[75255a20][0m[38;5;86m[HTTP][0m <-- GET /wd/hub/session/75255a20-d71f-491f-8452-8232d01da1f6/element/00000000-0000-014a-0000-003400000003/rect 200 8 ms - 52 
[38;5;67m[75255a20][0m[38;5;86m[HTTP][0m [37m-->[39m [37mPOST[39m [37m/wd/hub/session/75255a20-d71f-491f-8452-8232d01da1f6/timeouts[39m {"implicit":30000}
[38;5;67m[75255a20][0m[38;5;86m[HTTP][0m <-- POST /wd/hub/session/75255a20-d71f-491f-8452-8232d01da1f6/timeouts 200 1 ms - 14 
[38;5;67m[75255a20][0m[38;5;86m[HTTP][0m [37m-->[39m [37mPOST[39m [37m/wd/hub/session/75255a20-d71f-491f-8452-8232d01da1f6/element/00000000-0000-014a-0000-003400000003/clear[39m {"id":"00000000-0000-014a-0000-003400000003"}
[38;5;67m[75255a20][0m[38;5;86m[HTTP][0m <-- POST /wd/hub/session/75255a20-d71f-491f-8452-8232d01da1f6/element/00000000-0000-014a-0000-003400000003/clear 200 9 ms - 14 
[38;5;67m[75255a20][0m[38;5;86m[HTTP][0m [37m-->[39m [37mPOST[39m [37m/wd/hub/session/75255a20-d71f-491f-8452-8232d01da1f6/element/00000000-0000-014a-0000-003400000003/click[39m {"id":"00000000-0000-014a-0000-003400000003"}
[38;5;67m[75255a20][0m[38;5;86m[HTTP][0m <-- POST /wd/hub/session/75255a20-d71f-491f-8452-8232d01da1f6/element/00000000-0000-014a-0000-003400000003/click 200 58 ms - 14 
[38;5;67m[75255a20][0m[38;5;86m[HTTP][0m [37m-->[39m [37mPOST[39m [37m/wd/hub/session/75255a20-d71f-491f-8452-8232d01da1f6/element/00000000-0000-014a-0000-003400000003/value[39m {"value":["u","s","e","r","1","7","5","6","0","2","2","0","3","3","9","8","5","4","5","0","@","q","a","m","a","i","l",".","c","o","m"],"text":"user1756022033985450@qamail.com","id":"00000000-0000-014a-0000-003400000003"}
[38;5;67m[75255a20][0m[38;5;123m[BaseDriver][0m The following arguments are not known and will be ignored: value
[38;5;67m[75255a20][0m[38;5;86m[HTTP][0m <-- POST /wd/hub/session/75255a20-d71f-491f-8452-8232d01da1f6/element/00000000-0000-014a-0000-003400000003/value 200 1458 ms - 14 
[38;5;67m[75255a20][0m[38;5;86m[HTTP][0m [37m-->[39m [37mPOST[39m [37m/wd/hub/session/75255a20-d71f-491f-8452-8232d01da1f6/timeouts[39m {"implicit":50}
[38;5;67m[75255a20][0m[38;5;86m[HTTP][0m <-- POST /wd/hub/session/75255a20-d71f-491f-8452-8232d01da1f6/timeouts 200 1 ms - 14 
[38;5;67m[75255a20][0m[38;5;86m[HTTP][0m [37m-->[39m [37mGET[39m [37m/wd/hub/session/75255a20-d71f-491f-8452-8232d01da1f6/window/rect[39m {}
[38;5;67m[75255a20][0m[38;5;86m[HTTP][0m <-- GET /wd/hub/session/75255a20-d71f-491f-8452-8232d01da1f6/window/rect 200 13 ms - 50 
[38;5;67m[75255a20][0m[38;5;86m[HTTP][0m [37m-->[39m [37mPOST[39m [37m/wd/hub/session/75255a20-d71f-491f-8452-8232d01da1f6/elements[39m {"value":"//hierarchy/android.widget.FrameLayout[1]/android.widget.LinearLayout[1]/android.widget.FrameLayout[1]/android.widget.FrameLayout[1]/android.view.View[1]/android.view.View[1]/android.view.View[1]/android.view.View[1]/android.view.View[2]/android.view.View[1]/android.widget.EditText[2][count(. | //*[@class = 'android.widget.EditText']) = count(//*[@class = 'android.widget.EditText'])]","using":"xpath"}
[38;5;67m[75255a20][0m[38;5;86m[HTTP][0m <-- POST /wd/hub/session/75255a20-d71f-491f-8452-8232d01da1f6/elements 200 647 ms - 139 
[38;5;67m[75255a20][0m[38;5;86m[HTTP][0m [37m-->[39m [37mGET[39m [37m/wd/hub/session/75255a20-d71f-491f-8452-8232d01da1f6/element/00000000-0000-014a-0000-003600000003/rect[39m {}
[38;5;67m[75255a20][0m[38;5;-46m[AndroidUiautomator2Driver@cc43][0m Driver proxy active, passing request on via HTTP proxy
[38;5;67m[75255a20][0m[38;5;-46m[AndroidUiautomator2Driver@cc43][0m Replacing sessionId 3a8058d4-01e2-4e94-b99f-2b27d5971f56 with 75255a20-d71f-491f-8452-8232d01da1f6
[38;5;67m[75255a20][0m[38;5;86m[HTTP][0m <-- GET /wd/hub/session/75255a20-d71f-491f-8452-8232d01da1f6/element/00000000-0000-014a-0000-003600000003/rect 200 9 ms - 53 
[38;5;67m[75255a20][0m[38;5;86m[HTTP][0m [37m-->[39m [37mPOST[39m [37m/wd/hub/session/75255a20-d71f-491f-8452-8232d01da1f6/timeouts[39m {"implicit":30000}
[38;5;67m[75255a20][0m[38;5;86m[HTTP][0m <-- POST /wd/hub/session/75255a20-d71f-491f-8452-8232d01da1f6/timeouts 200 0 ms - 14 
[38;5;67m[75255a20][0m[38;5;86m[HTTP][0m [37m-->[39m [37mPOST[39m [37m/wd/hub/session/75255a20-d71f-491f-8452-8232d01da1f6/element/00000000-0000-014a-0000-003600000003/clear[39m {"id":"00000000-0000-014a-0000-003600000003"}
[38;5;67m[75255a20][0m[38;5;86m[HTTP][0m <-- POST /wd/hub/session/75255a20-d71f-491f-8452-8232d01da1f6/element/00000000-0000-014a-0000-003600000003/clear 200 11 ms - 14 
[38;5;67m[75255a20][0m[38;5;86m[HTTP][0m [37m-->[39m [37mPOST[39m [37m/wd/hub/session/75255a20-d71f-491f-8452-8232d01da1f6/element/00000000-0000-014a-0000-003600000003/click[39m {"id":"00000000-0000-014a-0000-003600000003"}
[38;5;67m[75255a20][0m[38;5;86m[HTTP][0m <-- POST /wd/hub/session/75255a20-d71f-491f-8452-8232d01da1f6/element/00000000-0000-014a-0000-003600000003/click 200 65 ms - 14 
[38;5;67m[75255a20][0m[38;5;86m[HTTP][0m [37m-->[39m [37mPOST[39m [37m/wd/hub/session/75255a20-d71f-491f-8452-8232d01da1f6/element/00000000-0000-014a-0000-003600000003/value[39m {"value":["I","n","d","o","n","e","s","1","@"],"text":"Indones1@","id":"00000000-0000-014a-0000-003600000003"}
[38;5;67m[75255a20][0m[38;5;123m[BaseDriver][0m The following arguments are not known and will be ignored: value
[38;5;67m[75255a20][0m[38;5;86m[HTTP][0m <-- POST /wd/hub/session/75255a20-d71f-491f-8452-8232d01da1f6/element/00000000-0000-014a-0000-003600000003/value 200 665 ms - 14 
[38;5;67m[75255a20][0m[38;5;86m[HTTP][0m [37m-->[39m [37mPOST[39m [37m/wd/hub/session/75255a20-d71f-491f-8452-8232d01da1f6/timeouts[39m {"implicit":50}
[38;5;67m[75255a20][0m[38;5;86m[HTTP][0m <-- POST /wd/hub/session/75255a20-d71f-491f-8452-8232d01da1f6/timeouts 200 1 ms - 14 
[38;5;67m[75255a20][0m[38;5;86m[HTTP][0m [37m-->[39m [37mGET[39m [37m/wd/hub/session/75255a20-d71f-491f-8452-8232d01da1f6/window/rect[39m {}
[38;5;67m[75255a20][0m[38;5;86m[HTTP][0m <-- GET /wd/hub/session/75255a20-d71f-491f-8452-8232d01da1f6/window/rect 200 8 ms - 50 
[38;5;67m[75255a20][0m[38;5;86m[HTTP][0m [37m-->[39m [37mPOST[39m [37m/wd/hub/session/75255a20-d71f-491f-8452-8232d01da1f6/elements[39m {"value":"//hierarchy/android.widget.FrameLayout[1]/android.widget.LinearLayout[1]/android.widget.FrameLayout[1]/android.widget.FrameLayout[1]/android.view.View[1]/android.view.View[1]/android.view.View[1]/android.view.View[1]/android.view.View[2]/android.view.View[1]/android.view.View[8][count(. | //*[@class = 'android.view.View' and @content-desc = 'Masuk']) = count(//*[@class = 'android.view.View' and @content-desc = 'Masuk'])]","using":"xpath"}
[38;5;67m[75255a20][0m[38;5;86m[HTTP][0m <-- POST /wd/hub/session/75255a20-d71f-491f-8452-8232d01da1f6/elements 200 550 ms - 139 
[38;5;67m[75255a20][0m[38;5;86m[HTTP][0m [37m-->[39m [37mGET[39m [37m/wd/hub/session/75255a20-d71f-491f-8452-8232d01da1f6/element/00000000-0000-014a-0000-003b00000003/rect[39m {}
[38;5;67m[75255a20][0m[38;5;-46m[AndroidUiautomator2Driver@cc43][0m Driver proxy active, passing request on via HTTP proxy
[38;5;67m[75255a20][0m[38;5;-46m[AndroidUiautomator2Driver@cc43][0m Replacing sessionId 3a8058d4-01e2-4e94-b99f-2b27d5971f56 with 75255a20-d71f-491f-8452-8232d01da1f6
[38;5;67m[75255a20][0m[38;5;86m[HTTP][0m <-- GET /wd/hub/session/75255a20-d71f-491f-8452-8232d01da1f6/element/00000000-0000-014a-0000-003b00000003/rect 200 11 ms - 53 
[38;5;67m[75255a20][0m[38;5;86m[HTTP][0m [37m-->[39m [37mPOST[39m [37m/wd/hub/session/75255a20-d71f-491f-8452-8232d01da1f6/timeouts[39m {"implicit":30000}
[38;5;67m[75255a20][0m[38;5;86m[HTTP][0m <-- POST /wd/hub/session/75255a20-d71f-491f-8452-8232d01da1f6/timeouts 200 1 ms - 14 
[38;5;67m[75255a20][0m[38;5;86m[HTTP][0m [37m-->[39m [37mPOST[39m [37m/wd/hub/session/75255a20-d71f-491f-8452-8232d01da1f6/element/00000000-0000-014a-0000-003b00000003/click[39m {"id":"00000000-0000-014a-0000-003b00000003"}
[38;5;67m[75255a20][0m[38;5;86m[HTTP][0m <-- POST /wd/hub/session/75255a20-d71f-491f-8452-8232d01da1f6/element/00000000-0000-014a-0000-003b00000003/click 200 3078 ms - 14 
[38;5;67m[75255a20][0m[38;5;86m[HTTP][0m [37m-->[39m [37mDELETE[39m [37m/wd/hub/session/75255a20-d71f-491f-8452-8232d01da1f6[39m {}
[38;5;67m[75255a20][0m[38;5;158m[AppiumDriver@ca6b][0m Removing session 75255a20-d71f-491f-8452-8232d01da1f6 from our master session list
[38;5;67m[75255a20][0m[38;5;229m[ADB][0m id.valuemax.customer.staging was successfully uninstalled
[38;5;67m[75255a20][0m[38;5;-46m[AndroidUiautomator2Driver@cc43][0m Restoring hidden api policy to the device default configuration
[38;5;67m[75255a20][0m[38;5;86m[HTTP][0m <-- DELETE /wd/hub/session/75255a20-d71f-491f-8452-8232d01da1f6 200 1324 ms - 14 
[38;5;112m[Appium][0m Received SIGTERM - shutting down
[38;5;158m[AppiumDriver@ca6b][0m Ending session, cause was 'The process has received SIGTERM signal'
[38;5;158m[AppiumDriver@ca6b][0m Removing session 'b3e105ec-720b-454d-a786-8afeded4fd12' from our master session list
[38;5;-175m[AndroidUiautomator2Driver@f7b7][0m Did not get the confirmation of UiAutomator2 server session deletion. Original error: 'DELETE /' cannot be proxied to UiAutomator2 server because the instrumentation process is not running (probably crashed). Check the server log and/or the logcat output for more details
[38;5;229m[ADB][0m id.valuemax.customer.staging was not uninstalled, because it was not present on the device
[38;5;-175m[AndroidUiautomator2Driver@f7b7][0m Restoring hidden api policy to the device default configuration
[38;5;86m[HTTP][0m Closing Appium HTTP server
[38;5;86m[HTTP][0m Appium HTTP server has been successfully closed after 2ms
