[38;5;112m[Appium][0m Welcome to Appium v3.0.1 (REV 7878c73b8562eb369f9da66d4c55b89ff6397182)
[38;5;112m[Appium][0m Non-default server args:
[38;5;112m[Appium][0m { basePath: [32m'/wd/hub'[39m, loglevel: [32m'info'[39m, port: [33m61087[39m }
[38;5;112m[Appium][0m Attempting to load driver uiautomator2...
[38;5;112m[Appium][0m Appium REST http interface listener started on http://0.0.0.0:61087/wd/hub
[38;5;112m[Appium][0m You can provide the following URLs in your client code to connect to this server:
	http://127.0.0.1:61087/wd/hub (only accessible from the same host)
	http://192.168.1.2:61087/wd/hub
[38;5;112m[Appium][0m Available drivers:
[38;5;112m[Appium][0m   - uiautomator2@5.0.0 (automationName 'UiAutomator2')
[38;5;112m[Appium][0m No plugins have been installed. Use the "appium plugin" command to install the one(s) you want to use.
[38;5;86m[HTTP][0m [37m-->[39m [37mGET[39m [37m/wd/hub/status[39m 
[38;5;86m[HTTP][0m <-- GET /wd/hub/status 200 3 ms - 199 
[38;5;86m[HTTP][0m [37m-->[39m [37mGET[39m [37m/wd/hub/status[39m 
[38;5;86m[HTTP][0m <-- GET /wd/hub/status 200 1 ms - 199 
[38;5;86m[HTTP][0m [37m-->[39m [37mPOST[39m [37m/wd/hub/session[39m {"capabilities":{"firstMatch":[{"appium:app":"/Users/mac-096467/Downloads/gvm-staging-waf.apk","appium:autoGrantPermissions":true,"appium:automationName":"uiautomator2","appium:deviceName":"emulator-5554 (sdk_gphone64_arm64 - Android 16)","appium:fullReset":false,"appium:newCommandTimeout":1800,"appium:noReset":true,"appium:platformName":"ANDROID","appium:platformVersion":"16","appium:systemPort":61113,"appium:udid":"emulator-5554","platformName":"ANDROID"}]},"desiredCapabilities":{"appium:app":"/Users/mac-096467/Downloads/gvm-staging-waf.apk","appium:autoGrantPermissions":true,"appium:automationName":"uiautomator2","appium:deviceName":"emulator-5554 (sdk_gphone64_arm64 - Android 16)","appium:fullReset":false,"appium:newCommandTimeout":1800,"appium:noReset":true,"appium:platformName":"ANDROID","appium:platformVersion":"16","appium:systemPort":61113,"appium:udid":"emulator-5554"}}
[38;5;123m[BaseDriver][0m The following arguments are not known and will be ignored: desiredCapabilities
[38;5;123m[BaseDriver][0m Ignoring capability 'appium:platformName=ANDROID' and using capability 'platformName=ANDROID'
[38;5;123m[BaseDriver][0m The capabilities ["platformName"] are standard capabilities and do not require "appium:" prefix
[38;5;112m[Appium][0m Attempting to find matching driver for automationName 'uiautomator2' and platformName 'ANDROID'
[38;5;112m[Appium][0m The 'uiautomator2' driver was installed and matched caps.
[38;5;112m[Appium][0m Will require it at /Users/mac-096467/.appium/node_modules/appium-uiautomator2-driver
[38;5;94m[AppiumDriver@8d19][0m Appium v3.0.1 creating new AndroidUiautomator2Driver (v5.0.0) session
[38;5;94m[AppiumDriver@8d19][0m Checking BaseDriver versions for Appium and AndroidUiautomator2Driver
[38;5;94m[AppiumDriver@8d19][0m Appium's BaseDriver version is 10.0.0
[38;5;94m[AppiumDriver@8d19][0m AndroidUiautomator2Driver's BaseDriver version is 10.0.0
[38;5;64m[62cad415][0m[38;5;-59m[AndroidUiautomator2Driver@bcd9][0m Session created with session id: 62cad415-becc-4451-b5be-1f6a2a04f002
[38;5;64m[62cad415][0m[38;5;229m[ADB][0m Found 1 'build-tools' folders under '/Users/mac-096467/.katalon/tools/android_sdk' (newest first):
[38;5;64m[62cad415][0m[38;5;229m[ADB][0m     /Users/mac-096467/.katalon/tools/android_sdk/build-tools/29.0.3
[38;5;64m[62cad415][0m[38;5;229m[ADB][0m Using 'adb' from '/Users/mac-096467/.katalon/tools/android_sdk/platform-tools/adb'
[38;5;64m[62cad415][0m[38;5;-59m[AndroidUiautomator2Driver@bcd9][0m Retrieving device list
[38;5;64m[62cad415][0m[38;5;-59m[AndroidUiautomator2Driver@bcd9][0m Using device: emulator-5554
[38;5;64m[62cad415][0m[38;5;229m[ADB][0m Using 'adb' from '/Users/mac-096467/.katalon/tools/android_sdk/platform-tools/adb'
[38;5;64m[62cad415][0m[38;5;123m[BaseDriver][0m Using local app '/Users/mac-096467/Downloads/gvm-staging-waf.apk'
[38;5;64m[62cad415][0m[38;5;229m[ADB][0m Getting device platform version
[38;5;64m[62cad415][0m[38;5;-59m[AndroidUiautomator2Driver@bcd9][0m Relaxing hidden api policy
[38;5;64m[62cad415][0m[38;5;229m[ADB][0m Using 'aapt2' from '/Users/mac-096467/.katalon/tools/android_sdk/build-tools/29.0.3/aapt2'
[38;5;64m[62cad415][0m[38;5;229m[ADB][0m Package name: 'id.valuemax.customer.staging'
[38;5;64m[62cad415][0m[38;5;229m[ADB][0m Main activity name: 'id.valuemax.customer.MainActivity'
[38;5;64m[62cad415][0m[38;5;-59m[AndroidUiautomator2Driver@bcd9][0m Server packages are not going to be (re)installed
[38;5;64m[62cad415][0m[38;5;229m[ADB][0m Adding packages ["io.appium.settings","io.appium.uiautomator2.server","io.appium.uiautomator2.server.test"] to Doze whitelist
[38;5;64m[62cad415][0m[38;5;229m[ADB][0m Using 'apksigner.jar' from '/Users/mac-096467/.katalon/tools/android_sdk/build-tools/29.0.3/lib/apksigner.jar'
[38;5;64m[62cad415][0m[38;5;229m[ADB][0m '/Users/mac-096467/Downloads/gvm-staging-waf.apk' is signed with a non-default certificate
[38;5;64m[62cad415][0m[38;5;229m[ADB][0m The application at '/Users/mac-096467/Downloads/gvm-staging-waf.apk' will not be cached, because the device under test has confirmed the support of streamed installs
[38;5;64m[62cad415][0m[38;5;229m[ADB][0m The installation of 'gvm-staging-waf.apk' took 798ms
[38;5;64m[62cad415][0m[38;5;-59m[AndroidUiautomator2Driver@bcd9][0m Starting UIAutomator2 server 8.0.0
[38;5;64m[62cad415][0m[38;5;-59m[AndroidUiautomator2Driver@bcd9][0m Using UIAutomator2 server from '/Users/mac-096467/.appium/node_modules/appium-uiautomator2-driver/node_modules/appium-uiautomator2-server/apks/appium-uiautomator2-server-v8.0.0.apk' and test from '/Users/mac-096467/.appium/node_modules/appium-uiautomator2-driver/node_modules/appium-uiautomator2-server/apks/appium-uiautomator2-server-debug-androidTest.apk'
[38;5;64m[62cad415][0m[38;5;-59m[AndroidUiautomator2Driver@bcd9][0m Waiting up to 30000ms for UiAutomator2 to be online...
[38;5;64m[62cad415][0m[38;5;-59m[AndroidUiautomator2Driver@bcd9][0m socket hang up
[38;5;64m[62cad415][0m[38;5;-59m[AndroidUiautomator2Driver@bcd9][0m Determined the downstream protocol as 'W3C'
[38;5;64m[62cad415][0m[38;5;-59m[AndroidUiautomator2Driver@bcd9][0m Screen already unlocked, doing nothing
[38;5;64m[62cad415][0m[38;5;-59m[AndroidUiautomator2Driver@bcd9][0m Starting 'id.valuemax.customer.staging/id.valuemax.customer.MainActivity' and waiting for 'id.valuemax.customer.staging/id.valuemax.customer.MainActivity'
[38;5;64m[62cad415][0m[38;5;94m[AppiumDriver@8d19][0m New AndroidUiautomator2Driver session created successfully, session 62cad415-becc-4451-b5be-1f6a2a04f002 added to master session list
[38;5;64m[62cad415][0m[38;5;86m[HTTP][0m <-- POST /wd/hub/session 200 7599 ms - 1270 
[38;5;86m[HTTP][0m [37m-->[39m [37mGET[39m [37m/wd/hub/status[39m 
[38;5;86m[HTTP][0m <-- GET /wd/hub/status 200 1 ms - 199 
[38;5;64m[62cad415][0m[38;5;86m[HTTP][0m [37m-->[39m [37mPOST[39m [37m/wd/hub/session/62cad415-becc-4451-b5be-1f6a2a04f002/timeouts[39m {"implicit":60000}
[38;5;64m[62cad415][0m[38;5;86m[HTTP][0m <-- POST /wd/hub/session/62cad415-becc-4451-b5be-1f6a2a04f002/timeouts 200 6 ms - 14 
[38;5;64m[62cad415][0m[38;5;86m[HTTP][0m [37m-->[39m [37mGET[39m [37m/wd/hub/session/62cad415-becc-4451-b5be-1f6a2a04f002/source[39m {}
[38;5;64m[62cad415][0m[38;5;-59m[AndroidUiautomator2Driver@bcd9][0m Driver proxy active, passing request on via HTTP proxy
[38;5;64m[62cad415][0m[38;5;-59m[AndroidUiautomator2Driver@bcd9][0m Replacing sessionId 33b1306e-6f9a-4063-9d7b-89e5e19f15c0 with 62cad415-becc-4451-b5be-1f6a2a04f002
[38;5;64m[62cad415][0m[38;5;86m[HTTP][0m <-- GET /wd/hub/session/62cad415-becc-4451-b5be-1f6a2a04f002/source 200 3013 ms - 8652 
[38;5;64m[62cad415][0m[38;5;86m[HTTP][0m [37m-->[39m [37mGET[39m [37m/wd/hub/session/62cad415-becc-4451-b5be-1f6a2a04f002/screenshot[39m {}
[38;5;64m[62cad415][0m[38;5;86m[HTTP][0m <-- GET /wd/hub/session/62cad415-becc-4451-b5be-1f6a2a04f002/screenshot 200 469 ms - 1033940 
[38;5;64m[62cad415][0m[38;5;86m[HTTP][0m [37m-->[39m [37mGET[39m [37m/wd/hub/session/62cad415-becc-4451-b5be-1f6a2a04f002/source[39m {}
[38;5;64m[62cad415][0m[38;5;-59m[AndroidUiautomator2Driver@bcd9][0m Driver proxy active, passing request on via HTTP proxy
[38;5;64m[62cad415][0m[38;5;-59m[AndroidUiautomator2Driver@bcd9][0m Replacing sessionId 33b1306e-6f9a-4063-9d7b-89e5e19f15c0 with 62cad415-becc-4451-b5be-1f6a2a04f002
[38;5;64m[62cad415][0m[38;5;86m[HTTP][0m <-- GET /wd/hub/session/62cad415-becc-4451-b5be-1f6a2a04f002/source 200 31 ms - 16704 
[38;5;64m[62cad415][0m[38;5;86m[HTTP][0m [37m-->[39m [37mGET[39m [37m/wd/hub/session/62cad415-becc-4451-b5be-1f6a2a04f002/screenshot[39m {}
[38;5;64m[62cad415][0m[38;5;86m[HTTP][0m <-- GET /wd/hub/session/62cad415-becc-4451-b5be-1f6a2a04f002/screenshot 200 371 ms - 643548 
[38;5;64m[62cad415][0m[38;5;86m[HTTP][0m [37m-->[39m [37mGET[39m [37m/wd/hub/session/62cad415-becc-4451-b5be-1f6a2a04f002/source[39m {}
[38;5;64m[62cad415][0m[38;5;-59m[AndroidUiautomator2Driver@bcd9][0m Driver proxy active, passing request on via HTTP proxy
[38;5;64m[62cad415][0m[38;5;-59m[AndroidUiautomator2Driver@bcd9][0m Replacing sessionId 33b1306e-6f9a-4063-9d7b-89e5e19f15c0 with 62cad415-becc-4451-b5be-1f6a2a04f002
[38;5;64m[62cad415][0m[38;5;86m[HTTP][0m <-- GET /wd/hub/session/62cad415-becc-4451-b5be-1f6a2a04f002/source 200 66 ms - 19485 
[38;5;64m[62cad415][0m[38;5;86m[HTTP][0m [37m-->[39m [37mGET[39m [37m/wd/hub/session/62cad415-becc-4451-b5be-1f6a2a04f002/screenshot[39m {}
[38;5;64m[62cad415][0m[38;5;86m[HTTP][0m <-- GET /wd/hub/session/62cad415-becc-4451-b5be-1f6a2a04f002/screenshot 200 392 ms - 630452 
[38;5;64m[62cad415][0m[38;5;86m[HTTP][0m [37m-->[39m [37mDELETE[39m [37m/wd/hub/session/62cad415-becc-4451-b5be-1f6a2a04f002[39m {}
[38;5;64m[62cad415][0m[38;5;94m[AppiumDriver@8d19][0m Removing session 62cad415-becc-4451-b5be-1f6a2a04f002 from our master session list
[38;5;64m[62cad415][0m[38;5;-59m[AndroidUiautomator2Driver@bcd9][0m Restoring hidden api policy to the device default configuration
[38;5;64m[62cad415][0m[38;5;86m[HTTP][0m <-- DELETE /wd/hub/session/62cad415-becc-4451-b5be-1f6a2a04f002 200 515 ms - 14 
[38;5;112m[Appium][0m Received SIGTERM - shutting down
[38;5;86m[HTTP][0m Closing Appium HTTP server
[38;5;86m[HTTP][0m Appium HTTP server has been successfully closed after 1ms
